<!DOCTYPE html PUBLIC "-//W3C//DTD XHTML 1.0 Transitional//EN" "http://www.w3.org/TR/xhtml1/DTD/xhtml1-transitional.dtd">
<!-- Generated by Apache Maven Doxia Site Renderer 1.4 at 2016-04-15 -->
<html xmlns="http://www.w3.org/1999/xhtml" xml:lang="en" lang="en">
  <head>
    <meta http-equiv="Content-Type" content="text/html; charset=UTF-8" />
    <title>Title_Valid_end2end - Surefire Report</title>
    <style type="text/css" media="all">
      @import url("./css/maven-base.css");
      @import url("./css/maven-theme.css");
      @import url("./css/site.css");
    </style>
    <link rel="stylesheet" href="./css/print.css" type="text/css" media="print" />
    <meta name="Date-Revision-yyyymmdd" content="20160415" />
    <meta http-equiv="Content-Language" content="en" />
        
        </head>
  <body class="composite">
    <div id="banner">
                    <div id="bannerLeft">
                Title_Valid_end2end
                </div>
                    <div class="clear">
        <hr/>
      </div>
    </div>
    <div id="breadcrumbs">
            
                    
                <div class="xleft">
        <span id="publishDate">Last Published: 2016-04-15</span>
                  &nbsp;| <span id="projectVersion">Version: 1.1</span>
                      </div>
            <div class="xright">                    <a href="./" title="Title_Valid_end2end">Title_Valid_end2end</a>
              
                    
      </div>
      <div class="clear">
        <hr/>
      </div>
    </div>
    <div id="leftColumn">
      <div id="navcolumn">
             
                    
                                          <h5>Project Documentation</h5>
                  <ul>
                                                                                                                                                                                <li class="collapsed">
                          <a href="project-info.html" title="Project Information">Project Information</a>
                  </li>
                                                                              <li class="expanded">
                          <a href="project-reports.html" title="Project Reports">Project Reports</a>
                    <ul>
                      <li class="none">
            <strong>Surefire Report</strong>
          </li>
              </ul>
        </li>
          </ul>
                             <a href="http://maven.apache.org/" title="Built by Maven" class="poweredBy">
        <img class="poweredBy" alt="Built by Maven" src="./images/logos/maven-feather.png" />
      </a>
                   
                    
            </div>
    </div>
    <div id="bodyColumn">
      <div id="contentBox">
        <script type="text/javascript">
//<![CDATA[
function toggleDisplay(elementId) {
 var elm = document.getElementById(elementId + 'error');
 if (elm && typeof elm.style != "undefined") {
 if (elm.style.display == "none") {
 elm.style.display = "";
 document.getElementById(elementId + 'off').style.display = "none";
 document.getElementById(elementId + 'on').style.display = "inline";
 } else if (elm.style.display == "") { elm.style.display = "none";
 document.getElementById(elementId + 'off').style.display = "inline";
 document.getElementById(elementId + 'on').style.display = "none";
 } 
 } 
 }
//]]>
</script>
<div class="section">
<h2>Surefire Report<a name="Surefire_Report"></a></h2></div>
<div class="section">
<h2>Summary<a name="Summary"></a></h2><a name="Summary"></a>
<p>[<a href="#Summary">Summary</a>] [<a href="#Package_List">Package List</a>] [<a href="#Test_Cases">Test Cases</a>]</p><br />
<table border="1" class="bodyTable">
<tr class="a">
<th>Tests</th>
<th>Errors </th>
<th>Failures</th>
<th>Skipped</th>
<th>Success Rate</th>
<th>Time</th></tr>
<tr class="b">
<td>25</td>
<td>0</td>
<td>25</td>
<td>0</td>
<td>0%</td>
<td>0.182</td></tr></table><br />
<p>Note: failures are anticipated and checked for with assertions while errors are unanticipated.</p><br /></div>
<div class="section">
<h2>Package List<a name="Package_List"></a></h2><a name="Package_List"></a>
<p>[<a href="#Summary">Summary</a>] [<a href="#Package_List">Package List</a>] [<a href="#Test_Cases">Test Cases</a>]</p><br />
<table border="1" class="bodyTable">
<tr class="a">
<th>Package</th>
<th>Tests</th>
<th>Errors </th>
<th>Failures</th>
<th>Skipped</th>
<th>Success Rate</th>
<th>Time</th></tr>
<tr class="b">
<td><a href="#core">core</a></td>
<td>25</td>
<td>0</td>
<td>25</td>
<td>0</td>
<td>0%</td>
<td>0.182</td></tr></table><br />
<p>Note: package statistics are not computed recursively, they only sum up all of its testsuites numbers.</p>
<div class="section">
<h3>core<a name="core"></a></h3><a name="core"></a>
<table border="1" class="bodyTable">
<tr class="a">
<th></th>
<th>Class</th>
<th>Tests</th>
<th>Errors </th>
<th>Failures</th>
<th>Skipped</th>
<th>Success Rate</th>
<th>Time</th></tr>
<tr class="b">
<td><a href="#coreSeleniumTest"><img src="images/icon_warning_sml.gif" alt="" /></a></td>
<td><a href="#coreSeleniumTest">SeleniumTest</a></td>
<td>25</td>
<td>0</td>
<td>25</td>
<td>0</td>
<td>0%</td>
<td>0.182</td></tr></table></div><br /></div>
<div class="section">
<h2>Test Cases<a name="Test_Cases"></a></h2><a name="Test_Cases"></a>
<p>[<a href="#Summary">Summary</a>] [<a href="#Package_List">Package List</a>] [<a href="#Test_Cases">Test Cases</a>]</p>
<div class="section">
<h3>SeleniumTest<a name="SeleniumTest"></a></h3><a name="coreSeleniumTest"></a>
<table border="1" class="bodyTable">
<tr class="a">
<td><a href="#core.SeleniumTest.test_Title_ValidationIteration__0_:_exp:_www.uvcs.uvic.ca_act:_Continuing_Studies__University_of_Victoria"><img src="images/icon_error_sml.gif" alt="" /></a></td>
<td><a name="TC_core.SeleniumTest.test_Title_ValidationIteration__0_:_exp:_www.uvcs.uvic.ca_act:_Continuing_Studies__University_of_Victoria"></a><a href="#core.SeleniumTest.test_Title_ValidationIteration__0_:_exp:_www.uvcs.uvic.ca_act:_Continuing_Studies__University_of_Victoria">test_Title_Validation[Iteration # 0 : exp: www.uvcs.uvic.ca; act: Continuing Studies &#xb7; University of Victoria]</a>
<div class="detailToggle" style="display:inline"><a href="javascript:toggleDisplay(&apos;core.SeleniumTest.test_Title_ValidationIteration__0_:_exp:_www.uvcs.uvic.ca_act:_Continuing_Studies__University_of_Victoria&apos;);"><span style="display:inline;" id="core.SeleniumTest.test_Title_ValidationIteration__0_:_exp:_www.uvcs.uvic.ca_act:_Continuing_Studies__University_of_Victoriaoff"> + </span><span style="display:none;" id="core.SeleniumTest.test_Title_ValidationIteration__0_:_exp:_www.uvcs.uvic.ca_act:_Continuing_Studies__University_of_Victoriaon"> - </span>[ Detail ]</a></div></td>
<td>0.093</td></tr>
<tr class="b">
<td></td>
<td>FAILED expected:&lt;[www.uvcs.uvic.c]a&gt; but was:&lt;[Continuing Studies &#xb7; University of Victori]a&gt;</td>
<td></td></tr>
<tr class="a">
<td></td>
<td>
<div id="core.SeleniumTest.test_Title_ValidationIteration__0_:_exp:_www.uvcs.uvic.ca_act:_Continuing_Studies__University_of_Victoriaerror" style="display:none;">
<div>
<pre>org.junit.ComparisonFailure: FAILED expected:&lt;[www.uvcs.uvic.c]a&gt; but was:&lt;[Continuing Studies &#xb7; University of Victori]a&gt;
	at org.junit.Assert.assertEquals(Assert.java:115)
	at core.SeleniumTest.test_Title_Validation(SeleniumTest.java:44)
	at sun.reflect.NativeMethodAccessorImpl.invoke0(Native Method)
	at sun.reflect.NativeMethodAccessorImpl.invoke(NativeMethodAccessorImpl.java:57)
	at sun.reflect.DelegatingMethodAccessorImpl.invoke(DelegatingMethodAccessorImpl.java:43)
	at java.lang.reflect.Method.invoke(Method.java:606)
	at org.junit.runners.model.FrameworkMethod$1.runReflectiveCall(FrameworkMethod.java:50)
	at org.junit.internal.runners.model.ReflectiveCallable.run(ReflectiveCallable.java:12)
	at org.junit.runners.model.FrameworkMethod.invokeExplosively(FrameworkMethod.java:47)
	at org.junit.internal.runners.statements.InvokeMethod.evaluate(InvokeMethod.java:17)
	at org.junit.runners.ParentRunner.runLeaf(ParentRunner.java:325)
	at org.junit.runners.BlockJUnit4ClassRunner.runChild(BlockJUnit4ClassRunner.java:78)
	at org.junit.runners.BlockJUnit4ClassRunner.runChild(BlockJUnit4ClassRunner.java:57)
	at org.junit.runners.ParentRunner$3.run(ParentRunner.java:290)
	at org.junit.runners.ParentRunner$1.schedule(ParentRunner.java:71)
	at org.junit.runners.ParentRunner.runChildren(ParentRunner.java:288)
	at org.junit.runners.ParentRunner.access$000(ParentRunner.java:58)
	at org.junit.runners.ParentRunner$2.evaluate(ParentRunner.java:268)
	at org.junit.runners.ParentRunner.run(ParentRunner.java:363)
	at org.junit.runners.Suite.runChild(Suite.java:128)
	at org.junit.runners.Suite.runChild(Suite.java:27)
	at org.junit.runners.ParentRunner$3.run(ParentRunner.java:290)
	at org.junit.runners.ParentRunner$1.schedule(ParentRunner.java:71)
	at org.junit.runners.ParentRunner.runChildren(ParentRunner.java:288)
	at org.junit.runners.ParentRunner.access$000(ParentRunner.java:58)
	at org.junit.runners.ParentRunner$2.evaluate(ParentRunner.java:268)
	at org.junit.internal.runners.statements.RunBefores.evaluate(RunBefores.java:26)
	at org.junit.runners.ParentRunner.run(ParentRunner.java:363)
	at org.junit.runners.Suite.runChild(Suite.java:128)
	at org.junit.runners.Suite.runChild(Suite.java:27)
	at org.junit.runners.ParentRunner$3.run(ParentRunner.java:290)
	at org.junit.runners.ParentRunner$1.schedule(ParentRunner.java:71)
	at org.junit.runners.ParentRunner.runChildren(ParentRunner.java:288)
	at org.junit.runners.ParentRunner.access$000(ParentRunner.java:58)
	at org.junit.runners.ParentRunner$2.evaluate(ParentRunner.java:268)
	at org.junit.runners.ParentRunner.run(ParentRunner.java:363)
	at org.apache.maven.surefire.junit4.JUnit4Provider.execute(JUnit4Provider.java:252)
	at org.apache.maven.surefire.junit4.JUnit4Provider.executeTestSet(JUnit4Provider.java:141)
	at org.apache.maven.surefire.junit4.JUnit4Provider.invoke(JUnit4Provider.java:112)
	at sun.reflect.NativeMethodAccessorImpl.invoke0(Native Method)
	at sun.reflect.NativeMethodAccessorImpl.invoke(NativeMethodAccessorImpl.java:57)
	at sun.reflect.DelegatingMethodAccessorImpl.invoke(DelegatingMethodAccessorImpl.java:43)
	at java.lang.reflect.Method.invoke(Method.java:606)
	at org.apache.maven.surefire.util.ReflectionUtils.invokeMethodWithArray(ReflectionUtils.java:189)
	at org.apache.maven.surefire.booter.ProviderFactory$ProviderProxy.invoke(ProviderFactory.java:165)
	at org.apache.maven.surefire.booter.ProviderFactory.invokeProvider(ProviderFactory.java:85)
	at org.apache.maven.surefire.booter.ForkedBooter.runSuitesInProcess(ForkedBooter.java:115)
	at org.apache.maven.surefire.booter.ForkedBooter.main(ForkedBooter.java:75)</pre></div></div></td>
<td></td></tr>
<tr class="b">
<td><a href="#core.SeleniumTest.test_Title_ValidationIteration__1_:_exp:_www.uscis.gov_act:_Homepage__USCIS"><img src="images/icon_error_sml.gif" alt="" /></a></td>
<td><a name="TC_core.SeleniumTest.test_Title_ValidationIteration__1_:_exp:_www.uscis.gov_act:_Homepage__USCIS"></a><a href="#core.SeleniumTest.test_Title_ValidationIteration__1_:_exp:_www.uscis.gov_act:_Homepage__USCIS">test_Title_Validation[Iteration # 1 : exp: www.uscis.gov; act: Homepage | USCIS]</a>
<div class="detailToggle" style="display:inline"><a href="javascript:toggleDisplay(&apos;core.SeleniumTest.test_Title_ValidationIteration__1_:_exp:_www.uscis.gov_act:_Homepage__USCIS&apos;);"><span style="display:inline;" id="core.SeleniumTest.test_Title_ValidationIteration__1_:_exp:_www.uscis.gov_act:_Homepage__USCISoff"> + </span><span style="display:none;" id="core.SeleniumTest.test_Title_ValidationIteration__1_:_exp:_www.uscis.gov_act:_Homepage__USCISon"> - </span>[ Detail ]</a></div></td>
<td>0.004</td></tr>
<tr class="a">
<td></td>
<td>FAILED expected:&lt;[www.uscis.gov]&gt; but was:&lt;[Homepage | USCIS]&gt;</td>
<td></td></tr>
<tr class="b">
<td></td>
<td>
<div id="core.SeleniumTest.test_Title_ValidationIteration__1_:_exp:_www.uscis.gov_act:_Homepage__USCISerror" style="display:none;">
<div>
<pre>org.junit.ComparisonFailure: FAILED expected:&lt;[www.uscis.gov]&gt; but was:&lt;[Homepage | USCIS]&gt;
	at org.junit.Assert.assertEquals(Assert.java:115)
	at core.SeleniumTest.test_Title_Validation(SeleniumTest.java:44)
	at sun.reflect.NativeMethodAccessorImpl.invoke0(Native Method)
	at sun.reflect.NativeMethodAccessorImpl.invoke(NativeMethodAccessorImpl.java:57)
	at sun.reflect.DelegatingMethodAccessorImpl.invoke(DelegatingMethodAccessorImpl.java:43)
	at java.lang.reflect.Method.invoke(Method.java:606)
	at org.junit.runners.model.FrameworkMethod$1.runReflectiveCall(FrameworkMethod.java:50)
	at org.junit.internal.runners.model.ReflectiveCallable.run(ReflectiveCallable.java:12)
	at org.junit.runners.model.FrameworkMethod.invokeExplosively(FrameworkMethod.java:47)
	at org.junit.internal.runners.statements.InvokeMethod.evaluate(InvokeMethod.java:17)
	at org.junit.runners.ParentRunner.runLeaf(ParentRunner.java:325)
	at org.junit.runners.BlockJUnit4ClassRunner.runChild(BlockJUnit4ClassRunner.java:78)
	at org.junit.runners.BlockJUnit4ClassRunner.runChild(BlockJUnit4ClassRunner.java:57)
	at org.junit.runners.ParentRunner$3.run(ParentRunner.java:290)
	at org.junit.runners.ParentRunner$1.schedule(ParentRunner.java:71)
	at org.junit.runners.ParentRunner.runChildren(ParentRunner.java:288)
	at org.junit.runners.ParentRunner.access$000(ParentRunner.java:58)
	at org.junit.runners.ParentRunner$2.evaluate(ParentRunner.java:268)
	at org.junit.runners.ParentRunner.run(ParentRunner.java:363)
	at org.junit.runners.Suite.runChild(Suite.java:128)
	at org.junit.runners.Suite.runChild(Suite.java:27)
	at org.junit.runners.ParentRunner$3.run(ParentRunner.java:290)
	at org.junit.runners.ParentRunner$1.schedule(ParentRunner.java:71)
	at org.junit.runners.ParentRunner.runChildren(ParentRunner.java:288)
	at org.junit.runners.ParentRunner.access$000(ParentRunner.java:58)
	at org.junit.runners.ParentRunner$2.evaluate(ParentRunner.java:268)
	at org.junit.internal.runners.statements.RunBefores.evaluate(RunBefores.java:26)
	at org.junit.runners.ParentRunner.run(ParentRunner.java:363)
	at org.junit.runners.Suite.runChild(Suite.java:128)
	at org.junit.runners.Suite.runChild(Suite.java:27)
	at org.junit.runners.ParentRunner$3.run(ParentRunner.java:290)
	at org.junit.runners.ParentRunner$1.schedule(ParentRunner.java:71)
	at org.junit.runners.ParentRunner.runChildren(ParentRunner.java:288)
	at org.junit.runners.ParentRunner.access$000(ParentRunner.java:58)
	at org.junit.runners.ParentRunner$2.evaluate(ParentRunner.java:268)
	at org.junit.runners.ParentRunner.run(ParentRunner.java:363)
	at org.apache.maven.surefire.junit4.JUnit4Provider.execute(JUnit4Provider.java:252)
	at org.apache.maven.surefire.junit4.JUnit4Provider.executeTestSet(JUnit4Provider.java:141)
	at org.apache.maven.surefire.junit4.JUnit4Provider.invoke(JUnit4Provider.java:112)
	at sun.reflect.NativeMethodAccessorImpl.invoke0(Native Method)
	at sun.reflect.NativeMethodAccessorImpl.invoke(NativeMethodAccessorImpl.java:57)
	at sun.reflect.DelegatingMethodAccessorImpl.invoke(DelegatingMethodAccessorImpl.java:43)
	at java.lang.reflect.Method.invoke(Method.java:606)
	at org.apache.maven.surefire.util.ReflectionUtils.invokeMethodWithArray(ReflectionUtils.java:189)
	at org.apache.maven.surefire.booter.ProviderFactory$ProviderProxy.invoke(ProviderFactory.java:165)
	at org.apache.maven.surefire.booter.ProviderFactory.invokeProvider(ProviderFactory.java:85)
	at org.apache.maven.surefire.booter.ForkedBooter.runSuitesInProcess(ForkedBooter.java:115)
	at org.apache.maven.surefire.booter.ForkedBooter.main(ForkedBooter.java:75)</pre></div></div></td>
<td></td></tr>
<tr class="a">
<td><a href="#core.SeleniumTest.test_Title_ValidationIteration__2_:_exp:_umich.edu_act:_University_of_Michigan"><img src="images/icon_error_sml.gif" alt="" /></a></td>
<td><a name="TC_core.SeleniumTest.test_Title_ValidationIteration__2_:_exp:_umich.edu_act:_University_of_Michigan"></a><a href="#core.SeleniumTest.test_Title_ValidationIteration__2_:_exp:_umich.edu_act:_University_of_Michigan">test_Title_Validation[Iteration # 2 : exp: umich.edu; act: University of Michigan]</a>
<div class="detailToggle" style="display:inline"><a href="javascript:toggleDisplay(&apos;core.SeleniumTest.test_Title_ValidationIteration__2_:_exp:_umich.edu_act:_University_of_Michigan&apos;);"><span style="display:inline;" id="core.SeleniumTest.test_Title_ValidationIteration__2_:_exp:_umich.edu_act:_University_of_Michiganoff"> + </span><span style="display:none;" id="core.SeleniumTest.test_Title_ValidationIteration__2_:_exp:_umich.edu_act:_University_of_Michiganon"> - </span>[ Detail ]</a></div></td>
<td>0.003</td></tr>
<tr class="b">
<td></td>
<td>FAILED expected:&lt;[umich.edu]&gt; but was:&lt;[University of Michigan]&gt;</td>
<td></td></tr>
<tr class="a">
<td></td>
<td>
<div id="core.SeleniumTest.test_Title_ValidationIteration__2_:_exp:_umich.edu_act:_University_of_Michiganerror" style="display:none;">
<div>
<pre>org.junit.ComparisonFailure: FAILED expected:&lt;[umich.edu]&gt; but was:&lt;[University of Michigan]&gt;
	at org.junit.Assert.assertEquals(Assert.java:115)
	at core.SeleniumTest.test_Title_Validation(SeleniumTest.java:44)
	at sun.reflect.NativeMethodAccessorImpl.invoke0(Native Method)
	at sun.reflect.NativeMethodAccessorImpl.invoke(NativeMethodAccessorImpl.java:57)
	at sun.reflect.DelegatingMethodAccessorImpl.invoke(DelegatingMethodAccessorImpl.java:43)
	at java.lang.reflect.Method.invoke(Method.java:606)
	at org.junit.runners.model.FrameworkMethod$1.runReflectiveCall(FrameworkMethod.java:50)
	at org.junit.internal.runners.model.ReflectiveCallable.run(ReflectiveCallable.java:12)
	at org.junit.runners.model.FrameworkMethod.invokeExplosively(FrameworkMethod.java:47)
	at org.junit.internal.runners.statements.InvokeMethod.evaluate(InvokeMethod.java:17)
	at org.junit.runners.ParentRunner.runLeaf(ParentRunner.java:325)
	at org.junit.runners.BlockJUnit4ClassRunner.runChild(BlockJUnit4ClassRunner.java:78)
	at org.junit.runners.BlockJUnit4ClassRunner.runChild(BlockJUnit4ClassRunner.java:57)
	at org.junit.runners.ParentRunner$3.run(ParentRunner.java:290)
	at org.junit.runners.ParentRunner$1.schedule(ParentRunner.java:71)
	at org.junit.runners.ParentRunner.runChildren(ParentRunner.java:288)
	at org.junit.runners.ParentRunner.access$000(ParentRunner.java:58)
	at org.junit.runners.ParentRunner$2.evaluate(ParentRunner.java:268)
	at org.junit.runners.ParentRunner.run(ParentRunner.java:363)
	at org.junit.runners.Suite.runChild(Suite.java:128)
	at org.junit.runners.Suite.runChild(Suite.java:27)
	at org.junit.runners.ParentRunner$3.run(ParentRunner.java:290)
	at org.junit.runners.ParentRunner$1.schedule(ParentRunner.java:71)
	at org.junit.runners.ParentRunner.runChildren(ParentRunner.java:288)
	at org.junit.runners.ParentRunner.access$000(ParentRunner.java:58)
	at org.junit.runners.ParentRunner$2.evaluate(ParentRunner.java:268)
	at org.junit.internal.runners.statements.RunBefores.evaluate(RunBefores.java:26)
	at org.junit.runners.ParentRunner.run(ParentRunner.java:363)
	at org.junit.runners.Suite.runChild(Suite.java:128)
	at org.junit.runners.Suite.runChild(Suite.java:27)
	at org.junit.runners.ParentRunner$3.run(ParentRunner.java:290)
	at org.junit.runners.ParentRunner$1.schedule(ParentRunner.java:71)
	at org.junit.runners.ParentRunner.runChildren(ParentRunner.java:288)
	at org.junit.runners.ParentRunner.access$000(ParentRunner.java:58)
	at org.junit.runners.ParentRunner$2.evaluate(ParentRunner.java:268)
	at org.junit.runners.ParentRunner.run(ParentRunner.java:363)
	at org.apache.maven.surefire.junit4.JUnit4Provider.execute(JUnit4Provider.java:252)
	at org.apache.maven.surefire.junit4.JUnit4Provider.executeTestSet(JUnit4Provider.java:141)
	at org.apache.maven.surefire.junit4.JUnit4Provider.invoke(JUnit4Provider.java:112)
	at sun.reflect.NativeMethodAccessorImpl.invoke0(Native Method)
	at sun.reflect.NativeMethodAccessorImpl.invoke(NativeMethodAccessorImpl.java:57)
	at sun.reflect.DelegatingMethodAccessorImpl.invoke(DelegatingMethodAccessorImpl.java:43)
	at java.lang.reflect.Method.invoke(Method.java:606)
	at org.apache.maven.surefire.util.ReflectionUtils.invokeMethodWithArray(ReflectionUtils.java:189)
	at org.apache.maven.surefire.booter.ProviderFactory$ProviderProxy.invoke(ProviderFactory.java:165)
	at org.apache.maven.surefire.booter.ProviderFactory.invokeProvider(ProviderFactory.java:85)
	at org.apache.maven.surefire.booter.ForkedBooter.runSuitesInProcess(ForkedBooter.java:115)
	at org.apache.maven.surefire.booter.ForkedBooter.main(ForkedBooter.java:75)</pre></div></div></td>
<td></td></tr>
<tr class="b">
<td><a href="#core.SeleniumTest.test_Title_ValidationIteration__3_:_exp:_www.crossover.com_act:_Crossover_-_The_Worlds_Best_Talent_100_Remote"><img src="images/icon_error_sml.gif" alt="" /></a></td>
<td><a name="TC_core.SeleniumTest.test_Title_ValidationIteration__3_:_exp:_www.crossover.com_act:_Crossover_-_The_Worlds_Best_Talent_100_Remote"></a><a href="#core.SeleniumTest.test_Title_ValidationIteration__3_:_exp:_www.crossover.com_act:_Crossover_-_The_Worlds_Best_Talent_100_Remote">test_Title_Validation[Iteration # 3 : exp: www.crossover.com; act: Crossover - The World's Best Talent 100% Remote]</a>
<div class="detailToggle" style="display:inline"><a href="javascript:toggleDisplay(&apos;core.SeleniumTest.test_Title_ValidationIteration__3_:_exp:_www.crossover.com_act:_Crossover_-_The_Worlds_Best_Talent_100_Remote&apos;);"><span style="display:inline;" id="core.SeleniumTest.test_Title_ValidationIteration__3_:_exp:_www.crossover.com_act:_Crossover_-_The_Worlds_Best_Talent_100_Remoteoff"> + </span><span style="display:none;" id="core.SeleniumTest.test_Title_ValidationIteration__3_:_exp:_www.crossover.com_act:_Crossover_-_The_Worlds_Best_Talent_100_Remoteon"> - </span>[ Detail ]</a></div></td>
<td>0.005</td></tr>
<tr class="a">
<td></td>
<td>FAILED expected:&lt;[www.crossover.com]&gt; but was:&lt;[Crossover - The World's Best Talent 100% Remote]&gt;</td>
<td></td></tr>
<tr class="b">
<td></td>
<td>
<div id="core.SeleniumTest.test_Title_ValidationIteration__3_:_exp:_www.crossover.com_act:_Crossover_-_The_Worlds_Best_Talent_100_Remoteerror" style="display:none;">
<div>
<pre>org.junit.ComparisonFailure: FAILED expected:&lt;[www.crossover.com]&gt; but was:&lt;[Crossover - The World's Best Talent 100% Remote]&gt;
	at org.junit.Assert.assertEquals(Assert.java:115)
	at core.SeleniumTest.test_Title_Validation(SeleniumTest.java:44)
	at sun.reflect.NativeMethodAccessorImpl.invoke0(Native Method)
	at sun.reflect.NativeMethodAccessorImpl.invoke(NativeMethodAccessorImpl.java:57)
	at sun.reflect.DelegatingMethodAccessorImpl.invoke(DelegatingMethodAccessorImpl.java:43)
	at java.lang.reflect.Method.invoke(Method.java:606)
	at org.junit.runners.model.FrameworkMethod$1.runReflectiveCall(FrameworkMethod.java:50)
	at org.junit.internal.runners.model.ReflectiveCallable.run(ReflectiveCallable.java:12)
	at org.junit.runners.model.FrameworkMethod.invokeExplosively(FrameworkMethod.java:47)
	at org.junit.internal.runners.statements.InvokeMethod.evaluate(InvokeMethod.java:17)
	at org.junit.runners.ParentRunner.runLeaf(ParentRunner.java:325)
	at org.junit.runners.BlockJUnit4ClassRunner.runChild(BlockJUnit4ClassRunner.java:78)
	at org.junit.runners.BlockJUnit4ClassRunner.runChild(BlockJUnit4ClassRunner.java:57)
	at org.junit.runners.ParentRunner$3.run(ParentRunner.java:290)
	at org.junit.runners.ParentRunner$1.schedule(ParentRunner.java:71)
	at org.junit.runners.ParentRunner.runChildren(ParentRunner.java:288)
	at org.junit.runners.ParentRunner.access$000(ParentRunner.java:58)
	at org.junit.runners.ParentRunner$2.evaluate(ParentRunner.java:268)
	at org.junit.runners.ParentRunner.run(ParentRunner.java:363)
	at org.junit.runners.Suite.runChild(Suite.java:128)
	at org.junit.runners.Suite.runChild(Suite.java:27)
	at org.junit.runners.ParentRunner$3.run(ParentRunner.java:290)
	at org.junit.runners.ParentRunner$1.schedule(ParentRunner.java:71)
	at org.junit.runners.ParentRunner.runChildren(ParentRunner.java:288)
	at org.junit.runners.ParentRunner.access$000(ParentRunner.java:58)
	at org.junit.runners.ParentRunner$2.evaluate(ParentRunner.java:268)
	at org.junit.internal.runners.statements.RunBefores.evaluate(RunBefores.java:26)
	at org.junit.runners.ParentRunner.run(ParentRunner.java:363)
	at org.junit.runners.Suite.runChild(Suite.java:128)
	at org.junit.runners.Suite.runChild(Suite.java:27)
	at org.junit.runners.ParentRunner$3.run(ParentRunner.java:290)
	at org.junit.runners.ParentRunner$1.schedule(ParentRunner.java:71)
	at org.junit.runners.ParentRunner.runChildren(ParentRunner.java:288)
	at org.junit.runners.ParentRunner.access$000(ParentRunner.java:58)
	at org.junit.runners.ParentRunner$2.evaluate(ParentRunner.java:268)
	at org.junit.runners.ParentRunner.run(ParentRunner.java:363)
	at org.apache.maven.surefire.junit4.JUnit4Provider.execute(JUnit4Provider.java:252)
	at org.apache.maven.surefire.junit4.JUnit4Provider.executeTestSet(JUnit4Provider.java:141)
	at org.apache.maven.surefire.junit4.JUnit4Provider.invoke(JUnit4Provider.java:112)
	at sun.reflect.NativeMethodAccessorImpl.invoke0(Native Method)
	at sun.reflect.NativeMethodAccessorImpl.invoke(NativeMethodAccessorImpl.java:57)
	at sun.reflect.DelegatingMethodAccessorImpl.invoke(DelegatingMethodAccessorImpl.java:43)
	at java.lang.reflect.Method.invoke(Method.java:606)
	at org.apache.maven.surefire.util.ReflectionUtils.invokeMethodWithArray(ReflectionUtils.java:189)
	at org.apache.maven.surefire.booter.ProviderFactory$ProviderProxy.invoke(ProviderFactory.java:165)
	at org.apache.maven.surefire.booter.ProviderFactory.invokeProvider(ProviderFactory.java:85)
	at org.apache.maven.surefire.booter.ForkedBooter.runSuitesInProcess(ForkedBooter.java:115)
	at org.apache.maven.surefire.booter.ForkedBooter.main(ForkedBooter.java:75)</pre></div></div></td>
<td></td></tr>
<tr class="a">
<td><a href="#core.SeleniumTest.test_Title_ValidationIteration__4_:_exp:_codepen.io_act:_CodePen_-_Front_End_Developer_Playground__Code_Editor_in_the_Browser"><img src="images/icon_error_sml.gif" alt="" /></a></td>
<td><a name="TC_core.SeleniumTest.test_Title_ValidationIteration__4_:_exp:_codepen.io_act:_CodePen_-_Front_End_Developer_Playground__Code_Editor_in_the_Browser"></a><a href="#core.SeleniumTest.test_Title_ValidationIteration__4_:_exp:_codepen.io_act:_CodePen_-_Front_End_Developer_Playground__Code_Editor_in_the_Browser">test_Title_Validation[Iteration # 4 : exp: codepen.io; act: CodePen - Front End Developer Playground &amp; Code Editor in the Browser]</a>
<div class="detailToggle" style="display:inline"><a href="javascript:toggleDisplay(&apos;core.SeleniumTest.test_Title_ValidationIteration__4_:_exp:_codepen.io_act:_CodePen_-_Front_End_Developer_Playground__Code_Editor_in_the_Browser&apos;);"><span style="display:inline;" id="core.SeleniumTest.test_Title_ValidationIteration__4_:_exp:_codepen.io_act:_CodePen_-_Front_End_Developer_Playground__Code_Editor_in_the_Browseroff"> + </span><span style="display:none;" id="core.SeleniumTest.test_Title_ValidationIteration__4_:_exp:_codepen.io_act:_CodePen_-_Front_End_Developer_Playground__Code_Editor_in_the_Browseron"> - </span>[ Detail ]</a></div></td>
<td>0.008</td></tr>
<tr class="b">
<td></td>
<td>FAILED expected:&lt;[codepen.io]&gt; but was:&lt;[CodePen - Front End Developer Playground &amp; Code Editor in the Browser]&gt;</td>
<td></td></tr>
<tr class="a">
<td></td>
<td>
<div id="core.SeleniumTest.test_Title_ValidationIteration__4_:_exp:_codepen.io_act:_CodePen_-_Front_End_Developer_Playground__Code_Editor_in_the_Browsererror" style="display:none;">
<div>
<pre>org.junit.ComparisonFailure: FAILED expected:&lt;[codepen.io]&gt; but was:&lt;[CodePen - Front End Developer Playground &amp; Code Editor in the Browser]&gt;
	at org.junit.Assert.assertEquals(Assert.java:115)
	at core.SeleniumTest.test_Title_Validation(SeleniumTest.java:44)
	at sun.reflect.NativeMethodAccessorImpl.invoke0(Native Method)
	at sun.reflect.NativeMethodAccessorImpl.invoke(NativeMethodAccessorImpl.java:57)
	at sun.reflect.DelegatingMethodAccessorImpl.invoke(DelegatingMethodAccessorImpl.java:43)
	at java.lang.reflect.Method.invoke(Method.java:606)
	at org.junit.runners.model.FrameworkMethod$1.runReflectiveCall(FrameworkMethod.java:50)
	at org.junit.internal.runners.model.ReflectiveCallable.run(ReflectiveCallable.java:12)
	at org.junit.runners.model.FrameworkMethod.invokeExplosively(FrameworkMethod.java:47)
	at org.junit.internal.runners.statements.InvokeMethod.evaluate(InvokeMethod.java:17)
	at org.junit.runners.ParentRunner.runLeaf(ParentRunner.java:325)
	at org.junit.runners.BlockJUnit4ClassRunner.runChild(BlockJUnit4ClassRunner.java:78)
	at org.junit.runners.BlockJUnit4ClassRunner.runChild(BlockJUnit4ClassRunner.java:57)
	at org.junit.runners.ParentRunner$3.run(ParentRunner.java:290)
	at org.junit.runners.ParentRunner$1.schedule(ParentRunner.java:71)
	at org.junit.runners.ParentRunner.runChildren(ParentRunner.java:288)
	at org.junit.runners.ParentRunner.access$000(ParentRunner.java:58)
	at org.junit.runners.ParentRunner$2.evaluate(ParentRunner.java:268)
	at org.junit.runners.ParentRunner.run(ParentRunner.java:363)
	at org.junit.runners.Suite.runChild(Suite.java:128)
	at org.junit.runners.Suite.runChild(Suite.java:27)
	at org.junit.runners.ParentRunner$3.run(ParentRunner.java:290)
	at org.junit.runners.ParentRunner$1.schedule(ParentRunner.java:71)
	at org.junit.runners.ParentRunner.runChildren(ParentRunner.java:288)
	at org.junit.runners.ParentRunner.access$000(ParentRunner.java:58)
	at org.junit.runners.ParentRunner$2.evaluate(ParentRunner.java:268)
	at org.junit.internal.runners.statements.RunBefores.evaluate(RunBefores.java:26)
	at org.junit.runners.ParentRunner.run(ParentRunner.java:363)
	at org.junit.runners.Suite.runChild(Suite.java:128)
	at org.junit.runners.Suite.runChild(Suite.java:27)
	at org.junit.runners.ParentRunner$3.run(ParentRunner.java:290)
	at org.junit.runners.ParentRunner$1.schedule(ParentRunner.java:71)
	at org.junit.runners.ParentRunner.runChildren(ParentRunner.java:288)
	at org.junit.runners.ParentRunner.access$000(ParentRunner.java:58)
	at org.junit.runners.ParentRunner$2.evaluate(ParentRunner.java:268)
	at org.junit.runners.ParentRunner.run(ParentRunner.java:363)
	at org.apache.maven.surefire.junit4.JUnit4Provider.execute(JUnit4Provider.java:252)
	at org.apache.maven.surefire.junit4.JUnit4Provider.executeTestSet(JUnit4Provider.java:141)
	at org.apache.maven.surefire.junit4.JUnit4Provider.invoke(JUnit4Provider.java:112)
	at sun.reflect.NativeMethodAccessorImpl.invoke0(Native Method)
	at sun.reflect.NativeMethodAccessorImpl.invoke(NativeMethodAccessorImpl.java:57)
	at sun.reflect.DelegatingMethodAccessorImpl.invoke(DelegatingMethodAccessorImpl.java:43)
	at java.lang.reflect.Method.invoke(Method.java:606)
	at org.apache.maven.surefire.util.ReflectionUtils.invokeMethodWithArray(ReflectionUtils.java:189)
	at org.apache.maven.surefire.booter.ProviderFactory$ProviderProxy.invoke(ProviderFactory.java:165)
	at org.apache.maven.surefire.booter.ProviderFactory.invokeProvider(ProviderFactory.java:85)
	at org.apache.maven.surefire.booter.ForkedBooter.runSuitesInProcess(ForkedBooter.java:115)
	at org.apache.maven.surefire.booter.ForkedBooter.main(ForkedBooter.java:75)</pre></div></div></td>
<td></td></tr>
<tr class="b">
<td><a href="#core.SeleniumTest.test_Title_ValidationIteration__5_:_exp:_www.visajourney.com_act:_VisaJourney_-_Your_US_Immigration_Community"><img src="images/icon_error_sml.gif" alt="" /></a></td>
<td><a name="TC_core.SeleniumTest.test_Title_ValidationIteration__5_:_exp:_www.visajourney.com_act:_VisaJourney_-_Your_US_Immigration_Community"></a><a href="#core.SeleniumTest.test_Title_ValidationIteration__5_:_exp:_www.visajourney.com_act:_VisaJourney_-_Your_US_Immigration_Community">test_Title_Validation[Iteration # 5 : exp: www.visajourney.com; act: VisaJourney - Your US Immigration Community]</a>
<div class="detailToggle" style="display:inline"><a href="javascript:toggleDisplay(&apos;core.SeleniumTest.test_Title_ValidationIteration__5_:_exp:_www.visajourney.com_act:_VisaJourney_-_Your_US_Immigration_Community&apos;);"><span style="display:inline;" id="core.SeleniumTest.test_Title_ValidationIteration__5_:_exp:_www.visajourney.com_act:_VisaJourney_-_Your_US_Immigration_Communityoff"> + </span><span style="display:none;" id="core.SeleniumTest.test_Title_ValidationIteration__5_:_exp:_www.visajourney.com_act:_VisaJourney_-_Your_US_Immigration_Communityon"> - </span>[ Detail ]</a></div></td>
<td>0.009</td></tr>
<tr class="a">
<td></td>
<td>FAILED expected:&lt;[www.visajourney.com]&gt; but was:&lt;[VisaJourney - Your US Immigration Community]&gt;</td>
<td></td></tr>
<tr class="b">
<td></td>
<td>
<div id="core.SeleniumTest.test_Title_ValidationIteration__5_:_exp:_www.visajourney.com_act:_VisaJourney_-_Your_US_Immigration_Communityerror" style="display:none;">
<div>
<pre>org.junit.ComparisonFailure: FAILED expected:&lt;[www.visajourney.com]&gt; but was:&lt;[VisaJourney - Your US Immigration Community]&gt;
	at org.junit.Assert.assertEquals(Assert.java:115)
	at core.SeleniumTest.test_Title_Validation(SeleniumTest.java:44)
	at sun.reflect.NativeMethodAccessorImpl.invoke0(Native Method)
	at sun.reflect.NativeMethodAccessorImpl.invoke(NativeMethodAccessorImpl.java:57)
	at sun.reflect.DelegatingMethodAccessorImpl.invoke(DelegatingMethodAccessorImpl.java:43)
	at java.lang.reflect.Method.invoke(Method.java:606)
	at org.junit.runners.model.FrameworkMethod$1.runReflectiveCall(FrameworkMethod.java:50)
	at org.junit.internal.runners.model.ReflectiveCallable.run(ReflectiveCallable.java:12)
	at org.junit.runners.model.FrameworkMethod.invokeExplosively(FrameworkMethod.java:47)
	at org.junit.internal.runners.statements.InvokeMethod.evaluate(InvokeMethod.java:17)
	at org.junit.runners.ParentRunner.runLeaf(ParentRunner.java:325)
	at org.junit.runners.BlockJUnit4ClassRunner.runChild(BlockJUnit4ClassRunner.java:78)
	at org.junit.runners.BlockJUnit4ClassRunner.runChild(BlockJUnit4ClassRunner.java:57)
	at org.junit.runners.ParentRunner$3.run(ParentRunner.java:290)
	at org.junit.runners.ParentRunner$1.schedule(ParentRunner.java:71)
	at org.junit.runners.ParentRunner.runChildren(ParentRunner.java:288)
	at org.junit.runners.ParentRunner.access$000(ParentRunner.java:58)
	at org.junit.runners.ParentRunner$2.evaluate(ParentRunner.java:268)
	at org.junit.runners.ParentRunner.run(ParentRunner.java:363)
	at org.junit.runners.Suite.runChild(Suite.java:128)
	at org.junit.runners.Suite.runChild(Suite.java:27)
	at org.junit.runners.ParentRunner$3.run(ParentRunner.java:290)
	at org.junit.runners.ParentRunner$1.schedule(ParentRunner.java:71)
	at org.junit.runners.ParentRunner.runChildren(ParentRunner.java:288)
	at org.junit.runners.ParentRunner.access$000(ParentRunner.java:58)
	at org.junit.runners.ParentRunner$2.evaluate(ParentRunner.java:268)
	at org.junit.internal.runners.statements.RunBefores.evaluate(RunBefores.java:26)
	at org.junit.runners.ParentRunner.run(ParentRunner.java:363)
	at org.junit.runners.Suite.runChild(Suite.java:128)
	at org.junit.runners.Suite.runChild(Suite.java:27)
	at org.junit.runners.ParentRunner$3.run(ParentRunner.java:290)
	at org.junit.runners.ParentRunner$1.schedule(ParentRunner.java:71)
	at org.junit.runners.ParentRunner.runChildren(ParentRunner.java:288)
	at org.junit.runners.ParentRunner.access$000(ParentRunner.java:58)
	at org.junit.runners.ParentRunner$2.evaluate(ParentRunner.java:268)
	at org.junit.runners.ParentRunner.run(ParentRunner.java:363)
	at org.apache.maven.surefire.junit4.JUnit4Provider.execute(JUnit4Provider.java:252)
	at org.apache.maven.surefire.junit4.JUnit4Provider.executeTestSet(JUnit4Provider.java:141)
	at org.apache.maven.surefire.junit4.JUnit4Provider.invoke(JUnit4Provider.java:112)
	at sun.reflect.NativeMethodAccessorImpl.invoke0(Native Method)
	at sun.reflect.NativeMethodAccessorImpl.invoke(NativeMethodAccessorImpl.java:57)
	at sun.reflect.DelegatingMethodAccessorImpl.invoke(DelegatingMethodAccessorImpl.java:43)
	at java.lang.reflect.Method.invoke(Method.java:606)
	at org.apache.maven.surefire.util.ReflectionUtils.invokeMethodWithArray(ReflectionUtils.java:189)
	at org.apache.maven.surefire.booter.ProviderFactory$ProviderProxy.invoke(ProviderFactory.java:165)
	at org.apache.maven.surefire.booter.ProviderFactory.invokeProvider(ProviderFactory.java:85)
	at org.apache.maven.surefire.booter.ForkedBooter.runSuitesInProcess(ForkedBooter.java:115)
	at org.apache.maven.surefire.booter.ForkedBooter.main(ForkedBooter.java:75)</pre></div></div></td>
<td></td></tr>
<tr class="a">
<td><a href="#core.SeleniumTest.test_Title_ValidationIteration__6_:_exp:_imgur.com_act:_Imgur:_The_most_awesome_images_on_the_Internet"><img src="images/icon_error_sml.gif" alt="" /></a></td>
<td><a name="TC_core.SeleniumTest.test_Title_ValidationIteration__6_:_exp:_imgur.com_act:_Imgur:_The_most_awesome_images_on_the_Internet"></a><a href="#core.SeleniumTest.test_Title_ValidationIteration__6_:_exp:_imgur.com_act:_Imgur:_The_most_awesome_images_on_the_Internet">test_Title_Validation[Iteration # 6 : exp: imgur.com; act: Imgur: The most awesome images on the Internet]</a>
<div class="detailToggle" style="display:inline"><a href="javascript:toggleDisplay(&apos;core.SeleniumTest.test_Title_ValidationIteration__6_:_exp:_imgur.com_act:_Imgur:_The_most_awesome_images_on_the_Internet&apos;);"><span style="display:inline;" id="core.SeleniumTest.test_Title_ValidationIteration__6_:_exp:_imgur.com_act:_Imgur:_The_most_awesome_images_on_the_Internetoff"> + </span><span style="display:none;" id="core.SeleniumTest.test_Title_ValidationIteration__6_:_exp:_imgur.com_act:_Imgur:_The_most_awesome_images_on_the_Interneton"> - </span>[ Detail ]</a></div></td>
<td>0.007</td></tr>
<tr class="b">
<td></td>
<td>FAILED expected:&lt;[imgur.com]&gt; but was:&lt;[Imgur: The most awesome images on the Internet]&gt;</td>
<td></td></tr>
<tr class="a">
<td></td>
<td>
<div id="core.SeleniumTest.test_Title_ValidationIteration__6_:_exp:_imgur.com_act:_Imgur:_The_most_awesome_images_on_the_Interneterror" style="display:none;">
<div>
<pre>org.junit.ComparisonFailure: FAILED expected:&lt;[imgur.com]&gt; but was:&lt;[Imgur: The most awesome images on the Internet]&gt;
	at org.junit.Assert.assertEquals(Assert.java:115)
	at core.SeleniumTest.test_Title_Validation(SeleniumTest.java:44)
	at sun.reflect.NativeMethodAccessorImpl.invoke0(Native Method)
	at sun.reflect.NativeMethodAccessorImpl.invoke(NativeMethodAccessorImpl.java:57)
	at sun.reflect.DelegatingMethodAccessorImpl.invoke(DelegatingMethodAccessorImpl.java:43)
	at java.lang.reflect.Method.invoke(Method.java:606)
	at org.junit.runners.model.FrameworkMethod$1.runReflectiveCall(FrameworkMethod.java:50)
	at org.junit.internal.runners.model.ReflectiveCallable.run(ReflectiveCallable.java:12)
	at org.junit.runners.model.FrameworkMethod.invokeExplosively(FrameworkMethod.java:47)
	at org.junit.internal.runners.statements.InvokeMethod.evaluate(InvokeMethod.java:17)
	at org.junit.runners.ParentRunner.runLeaf(ParentRunner.java:325)
	at org.junit.runners.BlockJUnit4ClassRunner.runChild(BlockJUnit4ClassRunner.java:78)
	at org.junit.runners.BlockJUnit4ClassRunner.runChild(BlockJUnit4ClassRunner.java:57)
	at org.junit.runners.ParentRunner$3.run(ParentRunner.java:290)
	at org.junit.runners.ParentRunner$1.schedule(ParentRunner.java:71)
	at org.junit.runners.ParentRunner.runChildren(ParentRunner.java:288)
	at org.junit.runners.ParentRunner.access$000(ParentRunner.java:58)
	at org.junit.runners.ParentRunner$2.evaluate(ParentRunner.java:268)
	at org.junit.runners.ParentRunner.run(ParentRunner.java:363)
	at org.junit.runners.Suite.runChild(Suite.java:128)
	at org.junit.runners.Suite.runChild(Suite.java:27)
	at org.junit.runners.ParentRunner$3.run(ParentRunner.java:290)
	at org.junit.runners.ParentRunner$1.schedule(ParentRunner.java:71)
	at org.junit.runners.ParentRunner.runChildren(ParentRunner.java:288)
	at org.junit.runners.ParentRunner.access$000(ParentRunner.java:58)
	at org.junit.runners.ParentRunner$2.evaluate(ParentRunner.java:268)
	at org.junit.internal.runners.statements.RunBefores.evaluate(RunBefores.java:26)
	at org.junit.runners.ParentRunner.run(ParentRunner.java:363)
	at org.junit.runners.Suite.runChild(Suite.java:128)
	at org.junit.runners.Suite.runChild(Suite.java:27)
	at org.junit.runners.ParentRunner$3.run(ParentRunner.java:290)
	at org.junit.runners.ParentRunner$1.schedule(ParentRunner.java:71)
	at org.junit.runners.ParentRunner.runChildren(ParentRunner.java:288)
	at org.junit.runners.ParentRunner.access$000(ParentRunner.java:58)
	at org.junit.runners.ParentRunner$2.evaluate(ParentRunner.java:268)
	at org.junit.runners.ParentRunner.run(ParentRunner.java:363)
	at org.apache.maven.surefire.junit4.JUnit4Provider.execute(JUnit4Provider.java:252)
	at org.apache.maven.surefire.junit4.JUnit4Provider.executeTestSet(JUnit4Provider.java:141)
	at org.apache.maven.surefire.junit4.JUnit4Provider.invoke(JUnit4Provider.java:112)
	at sun.reflect.NativeMethodAccessorImpl.invoke0(Native Method)
	at sun.reflect.NativeMethodAccessorImpl.invoke(NativeMethodAccessorImpl.java:57)
	at sun.reflect.DelegatingMethodAccessorImpl.invoke(DelegatingMethodAccessorImpl.java:43)
	at java.lang.reflect.Method.invoke(Method.java:606)
	at org.apache.maven.surefire.util.ReflectionUtils.invokeMethodWithArray(ReflectionUtils.java:189)
	at org.apache.maven.surefire.booter.ProviderFactory$ProviderProxy.invoke(ProviderFactory.java:165)
	at org.apache.maven.surefire.booter.ProviderFactory.invokeProvider(ProviderFactory.java:85)
	at org.apache.maven.surefire.booter.ForkedBooter.runSuitesInProcess(ForkedBooter.java:115)
	at org.apache.maven.surefire.booter.ForkedBooter.main(ForkedBooter.java:75)</pre></div></div></td>
<td></td></tr>
<tr class="b">
<td><a href="#core.SeleniumTest.test_Title_ValidationIteration__7_:_exp:_www.youtube.com_act:_YouTube"><img src="images/icon_error_sml.gif" alt="" /></a></td>
<td><a name="TC_core.SeleniumTest.test_Title_ValidationIteration__7_:_exp:_www.youtube.com_act:_YouTube"></a><a href="#core.SeleniumTest.test_Title_ValidationIteration__7_:_exp:_www.youtube.com_act:_YouTube">test_Title_Validation[Iteration # 7 : exp: www.youtube.com; act: YouTube]</a>
<div class="detailToggle" style="display:inline"><a href="javascript:toggleDisplay(&apos;core.SeleniumTest.test_Title_ValidationIteration__7_:_exp:_www.youtube.com_act:_YouTube&apos;);"><span style="display:inline;" id="core.SeleniumTest.test_Title_ValidationIteration__7_:_exp:_www.youtube.com_act:_YouTubeoff"> + </span><span style="display:none;" id="core.SeleniumTest.test_Title_ValidationIteration__7_:_exp:_www.youtube.com_act:_YouTubeon"> - </span>[ Detail ]</a></div></td>
<td>0.005</td></tr>
<tr class="a">
<td></td>
<td>FAILED expected:&lt;[www.youtube.com]&gt; but was:&lt;[YouTube]&gt;</td>
<td></td></tr>
<tr class="b">
<td></td>
<td>
<div id="core.SeleniumTest.test_Title_ValidationIteration__7_:_exp:_www.youtube.com_act:_YouTubeerror" style="display:none;">
<div>
<pre>org.junit.ComparisonFailure: FAILED expected:&lt;[www.youtube.com]&gt; but was:&lt;[YouTube]&gt;
	at org.junit.Assert.assertEquals(Assert.java:115)
	at core.SeleniumTest.test_Title_Validation(SeleniumTest.java:44)
	at sun.reflect.NativeMethodAccessorImpl.invoke0(Native Method)
	at sun.reflect.NativeMethodAccessorImpl.invoke(NativeMethodAccessorImpl.java:57)
	at sun.reflect.DelegatingMethodAccessorImpl.invoke(DelegatingMethodAccessorImpl.java:43)
	at java.lang.reflect.Method.invoke(Method.java:606)
	at org.junit.runners.model.FrameworkMethod$1.runReflectiveCall(FrameworkMethod.java:50)
	at org.junit.internal.runners.model.ReflectiveCallable.run(ReflectiveCallable.java:12)
	at org.junit.runners.model.FrameworkMethod.invokeExplosively(FrameworkMethod.java:47)
	at org.junit.internal.runners.statements.InvokeMethod.evaluate(InvokeMethod.java:17)
	at org.junit.runners.ParentRunner.runLeaf(ParentRunner.java:325)
	at org.junit.runners.BlockJUnit4ClassRunner.runChild(BlockJUnit4ClassRunner.java:78)
	at org.junit.runners.BlockJUnit4ClassRunner.runChild(BlockJUnit4ClassRunner.java:57)
	at org.junit.runners.ParentRunner$3.run(ParentRunner.java:290)
	at org.junit.runners.ParentRunner$1.schedule(ParentRunner.java:71)
	at org.junit.runners.ParentRunner.runChildren(ParentRunner.java:288)
	at org.junit.runners.ParentRunner.access$000(ParentRunner.java:58)
	at org.junit.runners.ParentRunner$2.evaluate(ParentRunner.java:268)
	at org.junit.runners.ParentRunner.run(ParentRunner.java:363)
	at org.junit.runners.Suite.runChild(Suite.java:128)
	at org.junit.runners.Suite.runChild(Suite.java:27)
	at org.junit.runners.ParentRunner$3.run(ParentRunner.java:290)
	at org.junit.runners.ParentRunner$1.schedule(ParentRunner.java:71)
	at org.junit.runners.ParentRunner.runChildren(ParentRunner.java:288)
	at org.junit.runners.ParentRunner.access$000(ParentRunner.java:58)
	at org.junit.runners.ParentRunner$2.evaluate(ParentRunner.java:268)
	at org.junit.internal.runners.statements.RunBefores.evaluate(RunBefores.java:26)
	at org.junit.runners.ParentRunner.run(ParentRunner.java:363)
	at org.junit.runners.Suite.runChild(Suite.java:128)
	at org.junit.runners.Suite.runChild(Suite.java:27)
	at org.junit.runners.ParentRunner$3.run(ParentRunner.java:290)
	at org.junit.runners.ParentRunner$1.schedule(ParentRunner.java:71)
	at org.junit.runners.ParentRunner.runChildren(ParentRunner.java:288)
	at org.junit.runners.ParentRunner.access$000(ParentRunner.java:58)
	at org.junit.runners.ParentRunner$2.evaluate(ParentRunner.java:268)
	at org.junit.runners.ParentRunner.run(ParentRunner.java:363)
	at org.apache.maven.surefire.junit4.JUnit4Provider.execute(JUnit4Provider.java:252)
	at org.apache.maven.surefire.junit4.JUnit4Provider.executeTestSet(JUnit4Provider.java:141)
	at org.apache.maven.surefire.junit4.JUnit4Provider.invoke(JUnit4Provider.java:112)
	at sun.reflect.NativeMethodAccessorImpl.invoke0(Native Method)
	at sun.reflect.NativeMethodAccessorImpl.invoke(NativeMethodAccessorImpl.java:57)
	at sun.reflect.DelegatingMethodAccessorImpl.invoke(DelegatingMethodAccessorImpl.java:43)
	at java.lang.reflect.Method.invoke(Method.java:606)
	at org.apache.maven.surefire.util.ReflectionUtils.invokeMethodWithArray(ReflectionUtils.java:189)
	at org.apache.maven.surefire.booter.ProviderFactory$ProviderProxy.invoke(ProviderFactory.java:165)
	at org.apache.maven.surefire.booter.ProviderFactory.invokeProvider(ProviderFactory.java:85)
	at org.apache.maven.surefire.booter.ForkedBooter.runSuitesInProcess(ForkedBooter.java:115)
	at org.apache.maven.surefire.booter.ForkedBooter.main(ForkedBooter.java:75)</pre></div></div></td>
<td></td></tr>
<tr class="a">
<td><a href="#core.SeleniumTest.test_Title_ValidationIteration__8_:_exp:_github.com_act:_How_people_build_software__GitHub"><img src="images/icon_error_sml.gif" alt="" /></a></td>
<td><a name="TC_core.SeleniumTest.test_Title_ValidationIteration__8_:_exp:_github.com_act:_How_people_build_software__GitHub"></a><a href="#core.SeleniumTest.test_Title_ValidationIteration__8_:_exp:_github.com_act:_How_people_build_software__GitHub">test_Title_Validation[Iteration # 8 : exp: github.com; act: How people build software &#xb7; GitHub]</a>
<div class="detailToggle" style="display:inline"><a href="javascript:toggleDisplay(&apos;core.SeleniumTest.test_Title_ValidationIteration__8_:_exp:_github.com_act:_How_people_build_software__GitHub&apos;);"><span style="display:inline;" id="core.SeleniumTest.test_Title_ValidationIteration__8_:_exp:_github.com_act:_How_people_build_software__GitHuboff"> + </span><span style="display:none;" id="core.SeleniumTest.test_Title_ValidationIteration__8_:_exp:_github.com_act:_How_people_build_software__GitHubon"> - </span>[ Detail ]</a></div></td>
<td>0.004</td></tr>
<tr class="b">
<td></td>
<td>FAILED expected:&lt;[github.com]&gt; but was:&lt;[How people build software &#xb7; GitHub]&gt;</td>
<td></td></tr>
<tr class="a">
<td></td>
<td>
<div id="core.SeleniumTest.test_Title_ValidationIteration__8_:_exp:_github.com_act:_How_people_build_software__GitHuberror" style="display:none;">
<div>
<pre>org.junit.ComparisonFailure: FAILED expected:&lt;[github.com]&gt; but was:&lt;[How people build software &#xb7; GitHub]&gt;
	at org.junit.Assert.assertEquals(Assert.java:115)
	at core.SeleniumTest.test_Title_Validation(SeleniumTest.java:44)
	at sun.reflect.NativeMethodAccessorImpl.invoke0(Native Method)
	at sun.reflect.NativeMethodAccessorImpl.invoke(NativeMethodAccessorImpl.java:57)
	at sun.reflect.DelegatingMethodAccessorImpl.invoke(DelegatingMethodAccessorImpl.java:43)
	at java.lang.reflect.Method.invoke(Method.java:606)
	at org.junit.runners.model.FrameworkMethod$1.runReflectiveCall(FrameworkMethod.java:50)
	at org.junit.internal.runners.model.ReflectiveCallable.run(ReflectiveCallable.java:12)
	at org.junit.runners.model.FrameworkMethod.invokeExplosively(FrameworkMethod.java:47)
	at org.junit.internal.runners.statements.InvokeMethod.evaluate(InvokeMethod.java:17)
	at org.junit.runners.ParentRunner.runLeaf(ParentRunner.java:325)
	at org.junit.runners.BlockJUnit4ClassRunner.runChild(BlockJUnit4ClassRunner.java:78)
	at org.junit.runners.BlockJUnit4ClassRunner.runChild(BlockJUnit4ClassRunner.java:57)
	at org.junit.runners.ParentRunner$3.run(ParentRunner.java:290)
	at org.junit.runners.ParentRunner$1.schedule(ParentRunner.java:71)
	at org.junit.runners.ParentRunner.runChildren(ParentRunner.java:288)
	at org.junit.runners.ParentRunner.access$000(ParentRunner.java:58)
	at org.junit.runners.ParentRunner$2.evaluate(ParentRunner.java:268)
	at org.junit.runners.ParentRunner.run(ParentRunner.java:363)
	at org.junit.runners.Suite.runChild(Suite.java:128)
	at org.junit.runners.Suite.runChild(Suite.java:27)
	at org.junit.runners.ParentRunner$3.run(ParentRunner.java:290)
	at org.junit.runners.ParentRunner$1.schedule(ParentRunner.java:71)
	at org.junit.runners.ParentRunner.runChildren(ParentRunner.java:288)
	at org.junit.runners.ParentRunner.access$000(ParentRunner.java:58)
	at org.junit.runners.ParentRunner$2.evaluate(ParentRunner.java:268)
	at org.junit.internal.runners.statements.RunBefores.evaluate(RunBefores.java:26)
	at org.junit.runners.ParentRunner.run(ParentRunner.java:363)
	at org.junit.runners.Suite.runChild(Suite.java:128)
	at org.junit.runners.Suite.runChild(Suite.java:27)
	at org.junit.runners.ParentRunner$3.run(ParentRunner.java:290)
	at org.junit.runners.ParentRunner$1.schedule(ParentRunner.java:71)
	at org.junit.runners.ParentRunner.runChildren(ParentRunner.java:288)
	at org.junit.runners.ParentRunner.access$000(ParentRunner.java:58)
	at org.junit.runners.ParentRunner$2.evaluate(ParentRunner.java:268)
	at org.junit.runners.ParentRunner.run(ParentRunner.java:363)
	at org.apache.maven.surefire.junit4.JUnit4Provider.execute(JUnit4Provider.java:252)
	at org.apache.maven.surefire.junit4.JUnit4Provider.executeTestSet(JUnit4Provider.java:141)
	at org.apache.maven.surefire.junit4.JUnit4Provider.invoke(JUnit4Provider.java:112)
	at sun.reflect.NativeMethodAccessorImpl.invoke0(Native Method)
	at sun.reflect.NativeMethodAccessorImpl.invoke(NativeMethodAccessorImpl.java:57)
	at sun.reflect.DelegatingMethodAccessorImpl.invoke(DelegatingMethodAccessorImpl.java:43)
	at java.lang.reflect.Method.invoke(Method.java:606)
	at org.apache.maven.surefire.util.ReflectionUtils.invokeMethodWithArray(ReflectionUtils.java:189)
	at org.apache.maven.surefire.booter.ProviderFactory$ProviderProxy.invoke(ProviderFactory.java:165)
	at org.apache.maven.surefire.booter.ProviderFactory.invokeProvider(ProviderFactory.java:85)
	at org.apache.maven.surefire.booter.ForkedBooter.runSuitesInProcess(ForkedBooter.java:115)
	at org.apache.maven.surefire.booter.ForkedBooter.main(ForkedBooter.java:75)</pre></div></div></td>
<td></td></tr>
<tr class="b">
<td><a href="#core.SeleniumTest.test_Title_ValidationIteration__9_:_exp:_snob.ru_act:_"><img src="images/icon_error_sml.gif" alt="" /></a></td>
<td><a name="TC_core.SeleniumTest.test_Title_ValidationIteration__9_:_exp:_snob.ru_act:_"></a><a href="#core.SeleniumTest.test_Title_ValidationIteration__9_:_exp:_snob.ru_act:_">test_Title_Validation[Iteration # 9 : exp: snob.ru; act: &#x421;&#x43d;&#x43e;&#x431;]</a>
<div class="detailToggle" style="display:inline"><a href="javascript:toggleDisplay(&apos;core.SeleniumTest.test_Title_ValidationIteration__9_:_exp:_snob.ru_act:_&apos;);"><span style="display:inline;" id="core.SeleniumTest.test_Title_ValidationIteration__9_:_exp:_snob.ru_act:_off"> + </span><span style="display:none;" id="core.SeleniumTest.test_Title_ValidationIteration__9_:_exp:_snob.ru_act:_on"> - </span>[ Detail ]</a></div></td>
<td>0.003</td></tr>
<tr class="a">
<td></td>
<td>FAILED expected:&lt;[snob.ru]&gt; but was:&lt;[&#x421;&#x43d;&#x43e;&#x431;]&gt;</td>
<td></td></tr>
<tr class="b">
<td></td>
<td>
<div id="core.SeleniumTest.test_Title_ValidationIteration__9_:_exp:_snob.ru_act:_error" style="display:none;">
<div>
<pre>org.junit.ComparisonFailure: FAILED expected:&lt;[snob.ru]&gt; but was:&lt;[&#x421;&#x43d;&#x43e;&#x431;]&gt;
	at org.junit.Assert.assertEquals(Assert.java:115)
	at core.SeleniumTest.test_Title_Validation(SeleniumTest.java:44)
	at sun.reflect.NativeMethodAccessorImpl.invoke0(Native Method)
	at sun.reflect.NativeMethodAccessorImpl.invoke(NativeMethodAccessorImpl.java:57)
	at sun.reflect.DelegatingMethodAccessorImpl.invoke(DelegatingMethodAccessorImpl.java:43)
	at java.lang.reflect.Method.invoke(Method.java:606)
	at org.junit.runners.model.FrameworkMethod$1.runReflectiveCall(FrameworkMethod.java:50)
	at org.junit.internal.runners.model.ReflectiveCallable.run(ReflectiveCallable.java:12)
	at org.junit.runners.model.FrameworkMethod.invokeExplosively(FrameworkMethod.java:47)
	at org.junit.internal.runners.statements.InvokeMethod.evaluate(InvokeMethod.java:17)
	at org.junit.runners.ParentRunner.runLeaf(ParentRunner.java:325)
	at org.junit.runners.BlockJUnit4ClassRunner.runChild(BlockJUnit4ClassRunner.java:78)
	at org.junit.runners.BlockJUnit4ClassRunner.runChild(BlockJUnit4ClassRunner.java:57)
	at org.junit.runners.ParentRunner$3.run(ParentRunner.java:290)
	at org.junit.runners.ParentRunner$1.schedule(ParentRunner.java:71)
	at org.junit.runners.ParentRunner.runChildren(ParentRunner.java:288)
	at org.junit.runners.ParentRunner.access$000(ParentRunner.java:58)
	at org.junit.runners.ParentRunner$2.evaluate(ParentRunner.java:268)
	at org.junit.runners.ParentRunner.run(ParentRunner.java:363)
	at org.junit.runners.Suite.runChild(Suite.java:128)
	at org.junit.runners.Suite.runChild(Suite.java:27)
	at org.junit.runners.ParentRunner$3.run(ParentRunner.java:290)
	at org.junit.runners.ParentRunner$1.schedule(ParentRunner.java:71)
	at org.junit.runners.ParentRunner.runChildren(ParentRunner.java:288)
	at org.junit.runners.ParentRunner.access$000(ParentRunner.java:58)
	at org.junit.runners.ParentRunner$2.evaluate(ParentRunner.java:268)
	at org.junit.internal.runners.statements.RunBefores.evaluate(RunBefores.java:26)
	at org.junit.runners.ParentRunner.run(ParentRunner.java:363)
	at org.junit.runners.Suite.runChild(Suite.java:128)
	at org.junit.runners.Suite.runChild(Suite.java:27)
	at org.junit.runners.ParentRunner$3.run(ParentRunner.java:290)
	at org.junit.runners.ParentRunner$1.schedule(ParentRunner.java:71)
	at org.junit.runners.ParentRunner.runChildren(ParentRunner.java:288)
	at org.junit.runners.ParentRunner.access$000(ParentRunner.java:58)
	at org.junit.runners.ParentRunner$2.evaluate(ParentRunner.java:268)
	at org.junit.runners.ParentRunner.run(ParentRunner.java:363)
	at org.apache.maven.surefire.junit4.JUnit4Provider.execute(JUnit4Provider.java:252)
	at org.apache.maven.surefire.junit4.JUnit4Provider.executeTestSet(JUnit4Provider.java:141)
	at org.apache.maven.surefire.junit4.JUnit4Provider.invoke(JUnit4Provider.java:112)
	at sun.reflect.NativeMethodAccessorImpl.invoke0(Native Method)
	at sun.reflect.NativeMethodAccessorImpl.invoke(NativeMethodAccessorImpl.java:57)
	at sun.reflect.DelegatingMethodAccessorImpl.invoke(DelegatingMethodAccessorImpl.java:43)
	at java.lang.reflect.Method.invoke(Method.java:606)
	at org.apache.maven.surefire.util.ReflectionUtils.invokeMethodWithArray(ReflectionUtils.java:189)
	at org.apache.maven.surefire.booter.ProviderFactory$ProviderProxy.invoke(ProviderFactory.java:165)
	at org.apache.maven.surefire.booter.ProviderFactory.invokeProvider(ProviderFactory.java:85)
	at org.apache.maven.surefire.booter.ForkedBooter.runSuitesInProcess(ForkedBooter.java:115)
	at org.apache.maven.surefire.booter.ForkedBooter.main(ForkedBooter.java:75)</pre></div></div></td>
<td></td></tr>
<tr class="a">
<td><a href="#core.SeleniumTest.test_Title_ValidationIteration__10_:_exp:_www.uscis.gov_act:_Homepage__USCIS"><img src="images/icon_error_sml.gif" alt="" /></a></td>
<td><a name="TC_core.SeleniumTest.test_Title_ValidationIteration__10_:_exp:_www.uscis.gov_act:_Homepage__USCIS"></a><a href="#core.SeleniumTest.test_Title_ValidationIteration__10_:_exp:_www.uscis.gov_act:_Homepage__USCIS">test_Title_Validation[Iteration # 10 : exp: www.uscis.gov; act: Homepage | USCIS]</a>
<div class="detailToggle" style="display:inline"><a href="javascript:toggleDisplay(&apos;core.SeleniumTest.test_Title_ValidationIteration__10_:_exp:_www.uscis.gov_act:_Homepage__USCIS&apos;);"><span style="display:inline;" id="core.SeleniumTest.test_Title_ValidationIteration__10_:_exp:_www.uscis.gov_act:_Homepage__USCISoff"> + </span><span style="display:none;" id="core.SeleniumTest.test_Title_ValidationIteration__10_:_exp:_www.uscis.gov_act:_Homepage__USCISon"> - </span>[ Detail ]</a></div></td>
<td>0.003</td></tr>
<tr class="b">
<td></td>
<td>FAILED expected:&lt;[www.uscis.gov]&gt; but was:&lt;[Homepage | USCIS]&gt;</td>
<td></td></tr>
<tr class="a">
<td></td>
<td>
<div id="core.SeleniumTest.test_Title_ValidationIteration__10_:_exp:_www.uscis.gov_act:_Homepage__USCISerror" style="display:none;">
<div>
<pre>org.junit.ComparisonFailure: FAILED expected:&lt;[www.uscis.gov]&gt; but was:&lt;[Homepage | USCIS]&gt;
	at org.junit.Assert.assertEquals(Assert.java:115)
	at core.SeleniumTest.test_Title_Validation(SeleniumTest.java:44)
	at sun.reflect.NativeMethodAccessorImpl.invoke0(Native Method)
	at sun.reflect.NativeMethodAccessorImpl.invoke(NativeMethodAccessorImpl.java:57)
	at sun.reflect.DelegatingMethodAccessorImpl.invoke(DelegatingMethodAccessorImpl.java:43)
	at java.lang.reflect.Method.invoke(Method.java:606)
	at org.junit.runners.model.FrameworkMethod$1.runReflectiveCall(FrameworkMethod.java:50)
	at org.junit.internal.runners.model.ReflectiveCallable.run(ReflectiveCallable.java:12)
	at org.junit.runners.model.FrameworkMethod.invokeExplosively(FrameworkMethod.java:47)
	at org.junit.internal.runners.statements.InvokeMethod.evaluate(InvokeMethod.java:17)
	at org.junit.runners.ParentRunner.runLeaf(ParentRunner.java:325)
	at org.junit.runners.BlockJUnit4ClassRunner.runChild(BlockJUnit4ClassRunner.java:78)
	at org.junit.runners.BlockJUnit4ClassRunner.runChild(BlockJUnit4ClassRunner.java:57)
	at org.junit.runners.ParentRunner$3.run(ParentRunner.java:290)
	at org.junit.runners.ParentRunner$1.schedule(ParentRunner.java:71)
	at org.junit.runners.ParentRunner.runChildren(ParentRunner.java:288)
	at org.junit.runners.ParentRunner.access$000(ParentRunner.java:58)
	at org.junit.runners.ParentRunner$2.evaluate(ParentRunner.java:268)
	at org.junit.runners.ParentRunner.run(ParentRunner.java:363)
	at org.junit.runners.Suite.runChild(Suite.java:128)
	at org.junit.runners.Suite.runChild(Suite.java:27)
	at org.junit.runners.ParentRunner$3.run(ParentRunner.java:290)
	at org.junit.runners.ParentRunner$1.schedule(ParentRunner.java:71)
	at org.junit.runners.ParentRunner.runChildren(ParentRunner.java:288)
	at org.junit.runners.ParentRunner.access$000(ParentRunner.java:58)
	at org.junit.runners.ParentRunner$2.evaluate(ParentRunner.java:268)
	at org.junit.internal.runners.statements.RunBefores.evaluate(RunBefores.java:26)
	at org.junit.runners.ParentRunner.run(ParentRunner.java:363)
	at org.junit.runners.Suite.runChild(Suite.java:128)
	at org.junit.runners.Suite.runChild(Suite.java:27)
	at org.junit.runners.ParentRunner$3.run(ParentRunner.java:290)
	at org.junit.runners.ParentRunner$1.schedule(ParentRunner.java:71)
	at org.junit.runners.ParentRunner.runChildren(ParentRunner.java:288)
	at org.junit.runners.ParentRunner.access$000(ParentRunner.java:58)
	at org.junit.runners.ParentRunner$2.evaluate(ParentRunner.java:268)
	at org.junit.runners.ParentRunner.run(ParentRunner.java:363)
	at org.apache.maven.surefire.junit4.JUnit4Provider.execute(JUnit4Provider.java:252)
	at org.apache.maven.surefire.junit4.JUnit4Provider.executeTestSet(JUnit4Provider.java:141)
	at org.apache.maven.surefire.junit4.JUnit4Provider.invoke(JUnit4Provider.java:112)
	at sun.reflect.NativeMethodAccessorImpl.invoke0(Native Method)
	at sun.reflect.NativeMethodAccessorImpl.invoke(NativeMethodAccessorImpl.java:57)
	at sun.reflect.DelegatingMethodAccessorImpl.invoke(DelegatingMethodAccessorImpl.java:43)
	at java.lang.reflect.Method.invoke(Method.java:606)
	at org.apache.maven.surefire.util.ReflectionUtils.invokeMethodWithArray(ReflectionUtils.java:189)
	at org.apache.maven.surefire.booter.ProviderFactory$ProviderProxy.invoke(ProviderFactory.java:165)
	at org.apache.maven.surefire.booter.ProviderFactory.invokeProvider(ProviderFactory.java:85)
	at org.apache.maven.surefire.booter.ForkedBooter.runSuitesInProcess(ForkedBooter.java:115)
	at org.apache.maven.surefire.booter.ForkedBooter.main(ForkedBooter.java:75)</pre></div></div></td>
<td></td></tr>
<tr class="b">
<td><a href="#core.SeleniumTest.test_Title_ValidationIteration__11_:_exp:_www.etextlib.ru_act:___eTextLib._____ePub__fb2_."><img src="images/icon_error_sml.gif" alt="" /></a></td>
<td><a name="TC_core.SeleniumTest.test_Title_ValidationIteration__11_:_exp:_www.etextlib.ru_act:___eTextLib._____ePub__fb2_."></a><a href="#core.SeleniumTest.test_Title_ValidationIteration__11_:_exp:_www.etextlib.ru_act:___eTextLib._____ePub__fb2_.">test_Title_Validation[Iteration # 11 : exp: www.etextlib.ru; act: &#x42d;&#x43b;&#x435;&#x43a;&#x442;&#x440;&#x43e;&#x43d;&#x43d;&#x430;&#x44f; &#x431;&#x438;&#x431;&#x43b;&#x438;&#x43e;&#x442;&#x435;&#x43a;&#x430; eTextLib. &#x421;&#x43a;&#x430;&#x447;&#x430;&#x442;&#x44c; &#x43a;&#x43d;&#x438;&#x433;&#x438; &#x432; &#x444;&#x43e;&#x440;&#x43c;&#x430;&#x442;&#x435; ePub &#x438; fb2 &#x431;&#x435;&#x441;&#x43f;&#x43b;&#x430;&#x442;&#x43d;&#x43e;.]</a>
<div class="detailToggle" style="display:inline"><a href="javascript:toggleDisplay(&apos;core.SeleniumTest.test_Title_ValidationIteration__11_:_exp:_www.etextlib.ru_act:___eTextLib._____ePub__fb2_.&apos;);"><span style="display:inline;" id="core.SeleniumTest.test_Title_ValidationIteration__11_:_exp:_www.etextlib.ru_act:___eTextLib._____ePub__fb2_.off"> + </span><span style="display:none;" id="core.SeleniumTest.test_Title_ValidationIteration__11_:_exp:_www.etextlib.ru_act:___eTextLib._____ePub__fb2_.on"> - </span>[ Detail ]</a></div></td>
<td>0.006</td></tr>
<tr class="a">
<td></td>
<td>FAILED expected:&lt;[www.etextlib.ru]&gt; but was:&lt;[&#x42d;&#x43b;&#x435;&#x43a;&#x442;&#x440;&#x43e;&#x43d;&#x43d;&#x430;&#x44f; &#x431;&#x438;&#x431;&#x43b;&#x438;&#x43e;&#x442;&#x435;&#x43a;&#x430; eTextLib. &#x421;&#x43a;&#x430;&#x447;&#x430;&#x442;&#x44c; &#x43a;&#x43d;&#x438;&#x433;&#x438; &#x432; &#x444;&#x43e;&#x440;&#x43c;&#x430;&#x442;&#x435; ePub &#x438; fb2 &#x431;&#x435;&#x441;&#x43f;&#x43b;&#x430;&#x442;&#x43d;&#x43e;.]&gt;</td>
<td></td></tr>
<tr class="b">
<td></td>
<td>
<div id="core.SeleniumTest.test_Title_ValidationIteration__11_:_exp:_www.etextlib.ru_act:___eTextLib._____ePub__fb2_.error" style="display:none;">
<div>
<pre>org.junit.ComparisonFailure: FAILED expected:&lt;[www.etextlib.ru]&gt; but was:&lt;[&#x42d;&#x43b;&#x435;&#x43a;&#x442;&#x440;&#x43e;&#x43d;&#x43d;&#x430;&#x44f; &#x431;&#x438;&#x431;&#x43b;&#x438;&#x43e;&#x442;&#x435;&#x43a;&#x430; eTextLib. &#x421;&#x43a;&#x430;&#x447;&#x430;&#x442;&#x44c; &#x43a;&#x43d;&#x438;&#x433;&#x438; &#x432; &#x444;&#x43e;&#x440;&#x43c;&#x430;&#x442;&#x435; ePub &#x438; fb2 &#x431;&#x435;&#x441;&#x43f;&#x43b;&#x430;&#x442;&#x43d;&#x43e;.]&gt;
	at org.junit.Assert.assertEquals(Assert.java:115)
	at core.SeleniumTest.test_Title_Validation(SeleniumTest.java:44)
	at sun.reflect.NativeMethodAccessorImpl.invoke0(Native Method)
	at sun.reflect.NativeMethodAccessorImpl.invoke(NativeMethodAccessorImpl.java:57)
	at sun.reflect.DelegatingMethodAccessorImpl.invoke(DelegatingMethodAccessorImpl.java:43)
	at java.lang.reflect.Method.invoke(Method.java:606)
	at org.junit.runners.model.FrameworkMethod$1.runReflectiveCall(FrameworkMethod.java:50)
	at org.junit.internal.runners.model.ReflectiveCallable.run(ReflectiveCallable.java:12)
	at org.junit.runners.model.FrameworkMethod.invokeExplosively(FrameworkMethod.java:47)
	at org.junit.internal.runners.statements.InvokeMethod.evaluate(InvokeMethod.java:17)
	at org.junit.runners.ParentRunner.runLeaf(ParentRunner.java:325)
	at org.junit.runners.BlockJUnit4ClassRunner.runChild(BlockJUnit4ClassRunner.java:78)
	at org.junit.runners.BlockJUnit4ClassRunner.runChild(BlockJUnit4ClassRunner.java:57)
	at org.junit.runners.ParentRunner$3.run(ParentRunner.java:290)
	at org.junit.runners.ParentRunner$1.schedule(ParentRunner.java:71)
	at org.junit.runners.ParentRunner.runChildren(ParentRunner.java:288)
	at org.junit.runners.ParentRunner.access$000(ParentRunner.java:58)
	at org.junit.runners.ParentRunner$2.evaluate(ParentRunner.java:268)
	at org.junit.runners.ParentRunner.run(ParentRunner.java:363)
	at org.junit.runners.Suite.runChild(Suite.java:128)
	at org.junit.runners.Suite.runChild(Suite.java:27)
	at org.junit.runners.ParentRunner$3.run(ParentRunner.java:290)
	at org.junit.runners.ParentRunner$1.schedule(ParentRunner.java:71)
	at org.junit.runners.ParentRunner.runChildren(ParentRunner.java:288)
	at org.junit.runners.ParentRunner.access$000(ParentRunner.java:58)
	at org.junit.runners.ParentRunner$2.evaluate(ParentRunner.java:268)
	at org.junit.internal.runners.statements.RunBefores.evaluate(RunBefores.java:26)
	at org.junit.runners.ParentRunner.run(ParentRunner.java:363)
	at org.junit.runners.Suite.runChild(Suite.java:128)
	at org.junit.runners.Suite.runChild(Suite.java:27)
	at org.junit.runners.ParentRunner$3.run(ParentRunner.java:290)
	at org.junit.runners.ParentRunner$1.schedule(ParentRunner.java:71)
	at org.junit.runners.ParentRunner.runChildren(ParentRunner.java:288)
	at org.junit.runners.ParentRunner.access$000(ParentRunner.java:58)
	at org.junit.runners.ParentRunner$2.evaluate(ParentRunner.java:268)
	at org.junit.runners.ParentRunner.run(ParentRunner.java:363)
	at org.apache.maven.surefire.junit4.JUnit4Provider.execute(JUnit4Provider.java:252)
	at org.apache.maven.surefire.junit4.JUnit4Provider.executeTestSet(JUnit4Provider.java:141)
	at org.apache.maven.surefire.junit4.JUnit4Provider.invoke(JUnit4Provider.java:112)
	at sun.reflect.NativeMethodAccessorImpl.invoke0(Native Method)
	at sun.reflect.NativeMethodAccessorImpl.invoke(NativeMethodAccessorImpl.java:57)
	at sun.reflect.DelegatingMethodAccessorImpl.invoke(DelegatingMethodAccessorImpl.java:43)
	at java.lang.reflect.Method.invoke(Method.java:606)
	at org.apache.maven.surefire.util.ReflectionUtils.invokeMethodWithArray(ReflectionUtils.java:189)
	at org.apache.maven.surefire.booter.ProviderFactory$ProviderProxy.invoke(ProviderFactory.java:165)
	at org.apache.maven.surefire.booter.ProviderFactory.invokeProvider(ProviderFactory.java:85)
	at org.apache.maven.surefire.booter.ForkedBooter.runSuitesInProcess(ForkedBooter.java:115)
	at org.apache.maven.surefire.booter.ForkedBooter.main(ForkedBooter.java:75)</pre></div></div></td>
<td></td></tr>
<tr class="a">
<td><a href="#core.SeleniumTest.test_Title_ValidationIteration__12_:_exp:__learn2test.net_act:_learn2test.net"><img src="images/icon_error_sml.gif" alt="" /></a></td>
<td><a name="TC_core.SeleniumTest.test_Title_ValidationIteration__12_:_exp:__learn2test.net_act:_learn2test.net"></a><a href="#core.SeleniumTest.test_Title_ValidationIteration__12_:_exp:__learn2test.net_act:_learn2test.net">test_Title_Validation[Iteration # 12 : exp:  learn2test.net&quot;; act: learn2test.net]</a>
<div class="detailToggle" style="display:inline"><a href="javascript:toggleDisplay(&apos;core.SeleniumTest.test_Title_ValidationIteration__12_:_exp:__learn2test.net_act:_learn2test.net&apos;);"><span style="display:inline;" id="core.SeleniumTest.test_Title_ValidationIteration__12_:_exp:__learn2test.net_act:_learn2test.netoff"> + </span><span style="display:none;" id="core.SeleniumTest.test_Title_ValidationIteration__12_:_exp:__learn2test.net_act:_learn2test.neton"> - </span>[ Detail ]</a></div></td>
<td>0.003</td></tr>
<tr class="b">
<td></td>
<td>FAILED expected:&lt;[ learn2test.net&quot;]&gt; but was:&lt;[learn2test.net]&gt;</td>
<td></td></tr>
<tr class="a">
<td></td>
<td>
<div id="core.SeleniumTest.test_Title_ValidationIteration__12_:_exp:__learn2test.net_act:_learn2test.neterror" style="display:none;">
<div>
<pre>org.junit.ComparisonFailure: FAILED expected:&lt;[	learn2test.net&quot;]&gt; but was:&lt;[learn2test.net]&gt;
	at org.junit.Assert.assertEquals(Assert.java:115)
	at core.SeleniumTest.test_Title_Validation(SeleniumTest.java:44)
	at sun.reflect.NativeMethodAccessorImpl.invoke0(Native Method)
	at sun.reflect.NativeMethodAccessorImpl.invoke(NativeMethodAccessorImpl.java:57)
	at sun.reflect.DelegatingMethodAccessorImpl.invoke(DelegatingMethodAccessorImpl.java:43)
	at java.lang.reflect.Method.invoke(Method.java:606)
	at org.junit.runners.model.FrameworkMethod$1.runReflectiveCall(FrameworkMethod.java:50)
	at org.junit.internal.runners.model.ReflectiveCallable.run(ReflectiveCallable.java:12)
	at org.junit.runners.model.FrameworkMethod.invokeExplosively(FrameworkMethod.java:47)
	at org.junit.internal.runners.statements.InvokeMethod.evaluate(InvokeMethod.java:17)
	at org.junit.runners.ParentRunner.runLeaf(ParentRunner.java:325)
	at org.junit.runners.BlockJUnit4ClassRunner.runChild(BlockJUnit4ClassRunner.java:78)
	at org.junit.runners.BlockJUnit4ClassRunner.runChild(BlockJUnit4ClassRunner.java:57)
	at org.junit.runners.ParentRunner$3.run(ParentRunner.java:290)
	at org.junit.runners.ParentRunner$1.schedule(ParentRunner.java:71)
	at org.junit.runners.ParentRunner.runChildren(ParentRunner.java:288)
	at org.junit.runners.ParentRunner.access$000(ParentRunner.java:58)
	at org.junit.runners.ParentRunner$2.evaluate(ParentRunner.java:268)
	at org.junit.runners.ParentRunner.run(ParentRunner.java:363)
	at org.junit.runners.Suite.runChild(Suite.java:128)
	at org.junit.runners.Suite.runChild(Suite.java:27)
	at org.junit.runners.ParentRunner$3.run(ParentRunner.java:290)
	at org.junit.runners.ParentRunner$1.schedule(ParentRunner.java:71)
	at org.junit.runners.ParentRunner.runChildren(ParentRunner.java:288)
	at org.junit.runners.ParentRunner.access$000(ParentRunner.java:58)
	at org.junit.runners.ParentRunner$2.evaluate(ParentRunner.java:268)
	at org.junit.internal.runners.statements.RunBefores.evaluate(RunBefores.java:26)
	at org.junit.runners.ParentRunner.run(ParentRunner.java:363)
	at org.junit.runners.Suite.runChild(Suite.java:128)
	at org.junit.runners.Suite.runChild(Suite.java:27)
	at org.junit.runners.ParentRunner$3.run(ParentRunner.java:290)
	at org.junit.runners.ParentRunner$1.schedule(ParentRunner.java:71)
	at org.junit.runners.ParentRunner.runChildren(ParentRunner.java:288)
	at org.junit.runners.ParentRunner.access$000(ParentRunner.java:58)
	at org.junit.runners.ParentRunner$2.evaluate(ParentRunner.java:268)
	at org.junit.runners.ParentRunner.run(ParentRunner.java:363)
	at org.apache.maven.surefire.junit4.JUnit4Provider.execute(JUnit4Provider.java:252)
	at org.apache.maven.surefire.junit4.JUnit4Provider.executeTestSet(JUnit4Provider.java:141)
	at org.apache.maven.surefire.junit4.JUnit4Provider.invoke(JUnit4Provider.java:112)
	at sun.reflect.NativeMethodAccessorImpl.invoke0(Native Method)
	at sun.reflect.NativeMethodAccessorImpl.invoke(NativeMethodAccessorImpl.java:57)
	at sun.reflect.DelegatingMethodAccessorImpl.invoke(DelegatingMethodAccessorImpl.java:43)
	at java.lang.reflect.Method.invoke(Method.java:606)
	at org.apache.maven.surefire.util.ReflectionUtils.invokeMethodWithArray(ReflectionUtils.java:189)
	at org.apache.maven.surefire.booter.ProviderFactory$ProviderProxy.invoke(ProviderFactory.java:165)
	at org.apache.maven.surefire.booter.ProviderFactory.invokeProvider(ProviderFactory.java:85)
	at org.apache.maven.surefire.booter.ForkedBooter.runSuitesInProcess(ForkedBooter.java:115)
	at org.apache.maven.surefire.booter.ForkedBooter.main(ForkedBooter.java:75)</pre></div></div></td>
<td></td></tr>
<tr class="b">
<td><a href="#core.SeleniumTest.test_Title_ValidationIteration__13_:_exp:__www.alegro.com_act:_www.alegro.com"><img src="images/icon_error_sml.gif" alt="" /></a></td>
<td><a name="TC_core.SeleniumTest.test_Title_ValidationIteration__13_:_exp:__www.alegro.com_act:_www.alegro.com"></a><a href="#core.SeleniumTest.test_Title_ValidationIteration__13_:_exp:__www.alegro.com_act:_www.alegro.com">test_Title_Validation[Iteration # 13 : exp:  www.alegro.com&quot;; act: www.alegro.com]</a>
<div class="detailToggle" style="display:inline"><a href="javascript:toggleDisplay(&apos;core.SeleniumTest.test_Title_ValidationIteration__13_:_exp:__www.alegro.com_act:_www.alegro.com&apos;);"><span style="display:inline;" id="core.SeleniumTest.test_Title_ValidationIteration__13_:_exp:__www.alegro.com_act:_www.alegro.comoff"> + </span><span style="display:none;" id="core.SeleniumTest.test_Title_ValidationIteration__13_:_exp:__www.alegro.com_act:_www.alegro.comon"> - </span>[ Detail ]</a></div></td>
<td>0.002</td></tr>
<tr class="a">
<td></td>
<td>FAILED expected:&lt;[ www.alegro.com&quot;]&gt; but was:&lt;[www.alegro.com]&gt;</td>
<td></td></tr>
<tr class="b">
<td></td>
<td>
<div id="core.SeleniumTest.test_Title_ValidationIteration__13_:_exp:__www.alegro.com_act:_www.alegro.comerror" style="display:none;">
<div>
<pre>org.junit.ComparisonFailure: FAILED expected:&lt;[	www.alegro.com&quot;]&gt; but was:&lt;[www.alegro.com]&gt;
	at org.junit.Assert.assertEquals(Assert.java:115)
	at core.SeleniumTest.test_Title_Validation(SeleniumTest.java:44)
	at sun.reflect.NativeMethodAccessorImpl.invoke0(Native Method)
	at sun.reflect.NativeMethodAccessorImpl.invoke(NativeMethodAccessorImpl.java:57)
	at sun.reflect.DelegatingMethodAccessorImpl.invoke(DelegatingMethodAccessorImpl.java:43)
	at java.lang.reflect.Method.invoke(Method.java:606)
	at org.junit.runners.model.FrameworkMethod$1.runReflectiveCall(FrameworkMethod.java:50)
	at org.junit.internal.runners.model.ReflectiveCallable.run(ReflectiveCallable.java:12)
	at org.junit.runners.model.FrameworkMethod.invokeExplosively(FrameworkMethod.java:47)
	at org.junit.internal.runners.statements.InvokeMethod.evaluate(InvokeMethod.java:17)
	at org.junit.runners.ParentRunner.runLeaf(ParentRunner.java:325)
	at org.junit.runners.BlockJUnit4ClassRunner.runChild(BlockJUnit4ClassRunner.java:78)
	at org.junit.runners.BlockJUnit4ClassRunner.runChild(BlockJUnit4ClassRunner.java:57)
	at org.junit.runners.ParentRunner$3.run(ParentRunner.java:290)
	at org.junit.runners.ParentRunner$1.schedule(ParentRunner.java:71)
	at org.junit.runners.ParentRunner.runChildren(ParentRunner.java:288)
	at org.junit.runners.ParentRunner.access$000(ParentRunner.java:58)
	at org.junit.runners.ParentRunner$2.evaluate(ParentRunner.java:268)
	at org.junit.runners.ParentRunner.run(ParentRunner.java:363)
	at org.junit.runners.Suite.runChild(Suite.java:128)
	at org.junit.runners.Suite.runChild(Suite.java:27)
	at org.junit.runners.ParentRunner$3.run(ParentRunner.java:290)
	at org.junit.runners.ParentRunner$1.schedule(ParentRunner.java:71)
	at org.junit.runners.ParentRunner.runChildren(ParentRunner.java:288)
	at org.junit.runners.ParentRunner.access$000(ParentRunner.java:58)
	at org.junit.runners.ParentRunner$2.evaluate(ParentRunner.java:268)
	at org.junit.internal.runners.statements.RunBefores.evaluate(RunBefores.java:26)
	at org.junit.runners.ParentRunner.run(ParentRunner.java:363)
	at org.junit.runners.Suite.runChild(Suite.java:128)
	at org.junit.runners.Suite.runChild(Suite.java:27)
	at org.junit.runners.ParentRunner$3.run(ParentRunner.java:290)
	at org.junit.runners.ParentRunner$1.schedule(ParentRunner.java:71)
	at org.junit.runners.ParentRunner.runChildren(ParentRunner.java:288)
	at org.junit.runners.ParentRunner.access$000(ParentRunner.java:58)
	at org.junit.runners.ParentRunner$2.evaluate(ParentRunner.java:268)
	at org.junit.runners.ParentRunner.run(ParentRunner.java:363)
	at org.apache.maven.surefire.junit4.JUnit4Provider.execute(JUnit4Provider.java:252)
	at org.apache.maven.surefire.junit4.JUnit4Provider.executeTestSet(JUnit4Provider.java:141)
	at org.apache.maven.surefire.junit4.JUnit4Provider.invoke(JUnit4Provider.java:112)
	at sun.reflect.NativeMethodAccessorImpl.invoke0(Native Method)
	at sun.reflect.NativeMethodAccessorImpl.invoke(NativeMethodAccessorImpl.java:57)
	at sun.reflect.DelegatingMethodAccessorImpl.invoke(DelegatingMethodAccessorImpl.java:43)
	at java.lang.reflect.Method.invoke(Method.java:606)
	at org.apache.maven.surefire.util.ReflectionUtils.invokeMethodWithArray(ReflectionUtils.java:189)
	at org.apache.maven.surefire.booter.ProviderFactory$ProviderProxy.invoke(ProviderFactory.java:165)
	at org.apache.maven.surefire.booter.ProviderFactory.invokeProvider(ProviderFactory.java:85)
	at org.apache.maven.surefire.booter.ForkedBooter.runSuitesInProcess(ForkedBooter.java:115)
	at org.apache.maven.surefire.booter.ForkedBooter.main(ForkedBooter.java:75)</pre></div></div></td>
<td></td></tr>
<tr class="a">
<td><a href="#core.SeleniumTest.test_Title_ValidationIteration__14_:_exp:_www.uscps.gov_act:_Homepage__USCIS"><img src="images/icon_error_sml.gif" alt="" /></a></td>
<td><a name="TC_core.SeleniumTest.test_Title_ValidationIteration__14_:_exp:_www.uscps.gov_act:_Homepage__USCIS"></a><a href="#core.SeleniumTest.test_Title_ValidationIteration__14_:_exp:_www.uscps.gov_act:_Homepage__USCIS">test_Title_Validation[Iteration # 14 : exp: www.uscps.gov; act: Homepage | USCIS]</a>
<div class="detailToggle" style="display:inline"><a href="javascript:toggleDisplay(&apos;core.SeleniumTest.test_Title_ValidationIteration__14_:_exp:_www.uscps.gov_act:_Homepage__USCIS&apos;);"><span style="display:inline;" id="core.SeleniumTest.test_Title_ValidationIteration__14_:_exp:_www.uscps.gov_act:_Homepage__USCISoff"> + </span><span style="display:none;" id="core.SeleniumTest.test_Title_ValidationIteration__14_:_exp:_www.uscps.gov_act:_Homepage__USCISon"> - </span>[ Detail ]</a></div></td>
<td>0.002</td></tr>
<tr class="b">
<td></td>
<td>FAILED expected:&lt;[www.uscps.gov]&gt; but was:&lt;[Homepage | USCIS]&gt;</td>
<td></td></tr>
<tr class="a">
<td></td>
<td>
<div id="core.SeleniumTest.test_Title_ValidationIteration__14_:_exp:_www.uscps.gov_act:_Homepage__USCISerror" style="display:none;">
<div>
<pre>org.junit.ComparisonFailure: FAILED expected:&lt;[www.uscps.gov]&gt; but was:&lt;[Homepage | USCIS]&gt;
	at org.junit.Assert.assertEquals(Assert.java:115)
	at core.SeleniumTest.test_Title_Validation(SeleniumTest.java:44)
	at sun.reflect.NativeMethodAccessorImpl.invoke0(Native Method)
	at sun.reflect.NativeMethodAccessorImpl.invoke(NativeMethodAccessorImpl.java:57)
	at sun.reflect.DelegatingMethodAccessorImpl.invoke(DelegatingMethodAccessorImpl.java:43)
	at java.lang.reflect.Method.invoke(Method.java:606)
	at org.junit.runners.model.FrameworkMethod$1.runReflectiveCall(FrameworkMethod.java:50)
	at org.junit.internal.runners.model.ReflectiveCallable.run(ReflectiveCallable.java:12)
	at org.junit.runners.model.FrameworkMethod.invokeExplosively(FrameworkMethod.java:47)
	at org.junit.internal.runners.statements.InvokeMethod.evaluate(InvokeMethod.java:17)
	at org.junit.runners.ParentRunner.runLeaf(ParentRunner.java:325)
	at org.junit.runners.BlockJUnit4ClassRunner.runChild(BlockJUnit4ClassRunner.java:78)
	at org.junit.runners.BlockJUnit4ClassRunner.runChild(BlockJUnit4ClassRunner.java:57)
	at org.junit.runners.ParentRunner$3.run(ParentRunner.java:290)
	at org.junit.runners.ParentRunner$1.schedule(ParentRunner.java:71)
	at org.junit.runners.ParentRunner.runChildren(ParentRunner.java:288)
	at org.junit.runners.ParentRunner.access$000(ParentRunner.java:58)
	at org.junit.runners.ParentRunner$2.evaluate(ParentRunner.java:268)
	at org.junit.runners.ParentRunner.run(ParentRunner.java:363)
	at org.junit.runners.Suite.runChild(Suite.java:128)
	at org.junit.runners.Suite.runChild(Suite.java:27)
	at org.junit.runners.ParentRunner$3.run(ParentRunner.java:290)
	at org.junit.runners.ParentRunner$1.schedule(ParentRunner.java:71)
	at org.junit.runners.ParentRunner.runChildren(ParentRunner.java:288)
	at org.junit.runners.ParentRunner.access$000(ParentRunner.java:58)
	at org.junit.runners.ParentRunner$2.evaluate(ParentRunner.java:268)
	at org.junit.internal.runners.statements.RunBefores.evaluate(RunBefores.java:26)
	at org.junit.runners.ParentRunner.run(ParentRunner.java:363)
	at org.junit.runners.Suite.runChild(Suite.java:128)
	at org.junit.runners.Suite.runChild(Suite.java:27)
	at org.junit.runners.ParentRunner$3.run(ParentRunner.java:290)
	at org.junit.runners.ParentRunner$1.schedule(ParentRunner.java:71)
	at org.junit.runners.ParentRunner.runChildren(ParentRunner.java:288)
	at org.junit.runners.ParentRunner.access$000(ParentRunner.java:58)
	at org.junit.runners.ParentRunner$2.evaluate(ParentRunner.java:268)
	at org.junit.runners.ParentRunner.run(ParentRunner.java:363)
	at org.apache.maven.surefire.junit4.JUnit4Provider.execute(JUnit4Provider.java:252)
	at org.apache.maven.surefire.junit4.JUnit4Provider.executeTestSet(JUnit4Provider.java:141)
	at org.apache.maven.surefire.junit4.JUnit4Provider.invoke(JUnit4Provider.java:112)
	at sun.reflect.NativeMethodAccessorImpl.invoke0(Native Method)
	at sun.reflect.NativeMethodAccessorImpl.invoke(NativeMethodAccessorImpl.java:57)
	at sun.reflect.DelegatingMethodAccessorImpl.invoke(DelegatingMethodAccessorImpl.java:43)
	at java.lang.reflect.Method.invoke(Method.java:606)
	at org.apache.maven.surefire.util.ReflectionUtils.invokeMethodWithArray(ReflectionUtils.java:189)
	at org.apache.maven.surefire.booter.ProviderFactory$ProviderProxy.invoke(ProviderFactory.java:165)
	at org.apache.maven.surefire.booter.ProviderFactory.invokeProvider(ProviderFactory.java:85)
	at org.apache.maven.surefire.booter.ForkedBooter.runSuitesInProcess(ForkedBooter.java:115)
	at org.apache.maven.surefire.booter.ForkedBooter.main(ForkedBooter.java:75)</pre></div></div></td>
<td></td></tr>
<tr class="b">
<td><a href="#core.SeleniumTest.test_Title_ValidationIteration__15_:_exp:_umich.gov_act:_University_of_Michigan"><img src="images/icon_error_sml.gif" alt="" /></a></td>
<td><a name="TC_core.SeleniumTest.test_Title_ValidationIteration__15_:_exp:_umich.gov_act:_University_of_Michigan"></a><a href="#core.SeleniumTest.test_Title_ValidationIteration__15_:_exp:_umich.gov_act:_University_of_Michigan">test_Title_Validation[Iteration # 15 : exp: umich.gov; act: University of Michigan]</a>
<div class="detailToggle" style="display:inline"><a href="javascript:toggleDisplay(&apos;core.SeleniumTest.test_Title_ValidationIteration__15_:_exp:_umich.gov_act:_University_of_Michigan&apos;);"><span style="display:inline;" id="core.SeleniumTest.test_Title_ValidationIteration__15_:_exp:_umich.gov_act:_University_of_Michiganoff"> + </span><span style="display:none;" id="core.SeleniumTest.test_Title_ValidationIteration__15_:_exp:_umich.gov_act:_University_of_Michiganon"> - </span>[ Detail ]</a></div></td>
<td>0.002</td></tr>
<tr class="a">
<td></td>
<td>FAILED expected:&lt;[umich.gov]&gt; but was:&lt;[University of Michigan]&gt;</td>
<td></td></tr>
<tr class="b">
<td></td>
<td>
<div id="core.SeleniumTest.test_Title_ValidationIteration__15_:_exp:_umich.gov_act:_University_of_Michiganerror" style="display:none;">
<div>
<pre>org.junit.ComparisonFailure: FAILED expected:&lt;[umich.gov]&gt; but was:&lt;[University of Michigan]&gt;
	at org.junit.Assert.assertEquals(Assert.java:115)
	at core.SeleniumTest.test_Title_Validation(SeleniumTest.java:44)
	at sun.reflect.NativeMethodAccessorImpl.invoke0(Native Method)
	at sun.reflect.NativeMethodAccessorImpl.invoke(NativeMethodAccessorImpl.java:57)
	at sun.reflect.DelegatingMethodAccessorImpl.invoke(DelegatingMethodAccessorImpl.java:43)
	at java.lang.reflect.Method.invoke(Method.java:606)
	at org.junit.runners.model.FrameworkMethod$1.runReflectiveCall(FrameworkMethod.java:50)
	at org.junit.internal.runners.model.ReflectiveCallable.run(ReflectiveCallable.java:12)
	at org.junit.runners.model.FrameworkMethod.invokeExplosively(FrameworkMethod.java:47)
	at org.junit.internal.runners.statements.InvokeMethod.evaluate(InvokeMethod.java:17)
	at org.junit.runners.ParentRunner.runLeaf(ParentRunner.java:325)
	at org.junit.runners.BlockJUnit4ClassRunner.runChild(BlockJUnit4ClassRunner.java:78)
	at org.junit.runners.BlockJUnit4ClassRunner.runChild(BlockJUnit4ClassRunner.java:57)
	at org.junit.runners.ParentRunner$3.run(ParentRunner.java:290)
	at org.junit.runners.ParentRunner$1.schedule(ParentRunner.java:71)
	at org.junit.runners.ParentRunner.runChildren(ParentRunner.java:288)
	at org.junit.runners.ParentRunner.access$000(ParentRunner.java:58)
	at org.junit.runners.ParentRunner$2.evaluate(ParentRunner.java:268)
	at org.junit.runners.ParentRunner.run(ParentRunner.java:363)
	at org.junit.runners.Suite.runChild(Suite.java:128)
	at org.junit.runners.Suite.runChild(Suite.java:27)
	at org.junit.runners.ParentRunner$3.run(ParentRunner.java:290)
	at org.junit.runners.ParentRunner$1.schedule(ParentRunner.java:71)
	at org.junit.runners.ParentRunner.runChildren(ParentRunner.java:288)
	at org.junit.runners.ParentRunner.access$000(ParentRunner.java:58)
	at org.junit.runners.ParentRunner$2.evaluate(ParentRunner.java:268)
	at org.junit.internal.runners.statements.RunBefores.evaluate(RunBefores.java:26)
	at org.junit.runners.ParentRunner.run(ParentRunner.java:363)
	at org.junit.runners.Suite.runChild(Suite.java:128)
	at org.junit.runners.Suite.runChild(Suite.java:27)
	at org.junit.runners.ParentRunner$3.run(ParentRunner.java:290)
	at org.junit.runners.ParentRunner$1.schedule(ParentRunner.java:71)
	at org.junit.runners.ParentRunner.runChildren(ParentRunner.java:288)
	at org.junit.runners.ParentRunner.access$000(ParentRunner.java:58)
	at org.junit.runners.ParentRunner$2.evaluate(ParentRunner.java:268)
	at org.junit.runners.ParentRunner.run(ParentRunner.java:363)
	at org.apache.maven.surefire.junit4.JUnit4Provider.execute(JUnit4Provider.java:252)
	at org.apache.maven.surefire.junit4.JUnit4Provider.executeTestSet(JUnit4Provider.java:141)
	at org.apache.maven.surefire.junit4.JUnit4Provider.invoke(JUnit4Provider.java:112)
	at sun.reflect.NativeMethodAccessorImpl.invoke0(Native Method)
	at sun.reflect.NativeMethodAccessorImpl.invoke(NativeMethodAccessorImpl.java:57)
	at sun.reflect.DelegatingMethodAccessorImpl.invoke(DelegatingMethodAccessorImpl.java:43)
	at java.lang.reflect.Method.invoke(Method.java:606)
	at org.apache.maven.surefire.util.ReflectionUtils.invokeMethodWithArray(ReflectionUtils.java:189)
	at org.apache.maven.surefire.booter.ProviderFactory$ProviderProxy.invoke(ProviderFactory.java:165)
	at org.apache.maven.surefire.booter.ProviderFactory.invokeProvider(ProviderFactory.java:85)
	at org.apache.maven.surefire.booter.ForkedBooter.runSuitesInProcess(ForkedBooter.java:115)
	at org.apache.maven.surefire.booter.ForkedBooter.main(ForkedBooter.java:75)</pre></div></div></td>
<td></td></tr>
<tr class="a">
<td><a href="#core.SeleniumTest.test_Title_ValidationIteration__16_:_exp:_crossover.com_act:_Crossover_-_The_Worlds_Best_Talent_100_Remote"><img src="images/icon_error_sml.gif" alt="" /></a></td>
<td><a name="TC_core.SeleniumTest.test_Title_ValidationIteration__16_:_exp:_crossover.com_act:_Crossover_-_The_Worlds_Best_Talent_100_Remote"></a><a href="#core.SeleniumTest.test_Title_ValidationIteration__16_:_exp:_crossover.com_act:_Crossover_-_The_Worlds_Best_Talent_100_Remote">test_Title_Validation[Iteration # 16 : exp: crossover.com; act: Crossover - The World's Best Talent 100% Remote]</a>
<div class="detailToggle" style="display:inline"><a href="javascript:toggleDisplay(&apos;core.SeleniumTest.test_Title_ValidationIteration__16_:_exp:_crossover.com_act:_Crossover_-_The_Worlds_Best_Talent_100_Remote&apos;);"><span style="display:inline;" id="core.SeleniumTest.test_Title_ValidationIteration__16_:_exp:_crossover.com_act:_Crossover_-_The_Worlds_Best_Talent_100_Remoteoff"> + </span><span style="display:none;" id="core.SeleniumTest.test_Title_ValidationIteration__16_:_exp:_crossover.com_act:_Crossover_-_The_Worlds_Best_Talent_100_Remoteon"> - </span>[ Detail ]</a></div></td>
<td>0.003</td></tr>
<tr class="b">
<td></td>
<td>FAILED expected:&lt;[crossover.com]&gt; but was:&lt;[Crossover - The World's Best Talent 100% Remote]&gt;</td>
<td></td></tr>
<tr class="a">
<td></td>
<td>
<div id="core.SeleniumTest.test_Title_ValidationIteration__16_:_exp:_crossover.com_act:_Crossover_-_The_Worlds_Best_Talent_100_Remoteerror" style="display:none;">
<div>
<pre>org.junit.ComparisonFailure: FAILED expected:&lt;[crossover.com]&gt; but was:&lt;[Crossover - The World's Best Talent 100% Remote]&gt;
	at org.junit.Assert.assertEquals(Assert.java:115)
	at core.SeleniumTest.test_Title_Validation(SeleniumTest.java:44)
	at sun.reflect.GeneratedMethodAccessor1.invoke(Unknown Source)
	at sun.reflect.DelegatingMethodAccessorImpl.invoke(DelegatingMethodAccessorImpl.java:43)
	at java.lang.reflect.Method.invoke(Method.java:606)
	at org.junit.runners.model.FrameworkMethod$1.runReflectiveCall(FrameworkMethod.java:50)
	at org.junit.internal.runners.model.ReflectiveCallable.run(ReflectiveCallable.java:12)
	at org.junit.runners.model.FrameworkMethod.invokeExplosively(FrameworkMethod.java:47)
	at org.junit.internal.runners.statements.InvokeMethod.evaluate(InvokeMethod.java:17)
	at org.junit.runners.ParentRunner.runLeaf(ParentRunner.java:325)
	at org.junit.runners.BlockJUnit4ClassRunner.runChild(BlockJUnit4ClassRunner.java:78)
	at org.junit.runners.BlockJUnit4ClassRunner.runChild(BlockJUnit4ClassRunner.java:57)
	at org.junit.runners.ParentRunner$3.run(ParentRunner.java:290)
	at org.junit.runners.ParentRunner$1.schedule(ParentRunner.java:71)
	at org.junit.runners.ParentRunner.runChildren(ParentRunner.java:288)
	at org.junit.runners.ParentRunner.access$000(ParentRunner.java:58)
	at org.junit.runners.ParentRunner$2.evaluate(ParentRunner.java:268)
	at org.junit.runners.ParentRunner.run(ParentRunner.java:363)
	at org.junit.runners.Suite.runChild(Suite.java:128)
	at org.junit.runners.Suite.runChild(Suite.java:27)
	at org.junit.runners.ParentRunner$3.run(ParentRunner.java:290)
	at org.junit.runners.ParentRunner$1.schedule(ParentRunner.java:71)
	at org.junit.runners.ParentRunner.runChildren(ParentRunner.java:288)
	at org.junit.runners.ParentRunner.access$000(ParentRunner.java:58)
	at org.junit.runners.ParentRunner$2.evaluate(ParentRunner.java:268)
	at org.junit.internal.runners.statements.RunBefores.evaluate(RunBefores.java:26)
	at org.junit.runners.ParentRunner.run(ParentRunner.java:363)
	at org.junit.runners.Suite.runChild(Suite.java:128)
	at org.junit.runners.Suite.runChild(Suite.java:27)
	at org.junit.runners.ParentRunner$3.run(ParentRunner.java:290)
	at org.junit.runners.ParentRunner$1.schedule(ParentRunner.java:71)
	at org.junit.runners.ParentRunner.runChildren(ParentRunner.java:288)
	at org.junit.runners.ParentRunner.access$000(ParentRunner.java:58)
	at org.junit.runners.ParentRunner$2.evaluate(ParentRunner.java:268)
	at org.junit.runners.ParentRunner.run(ParentRunner.java:363)
	at org.apache.maven.surefire.junit4.JUnit4Provider.execute(JUnit4Provider.java:252)
	at org.apache.maven.surefire.junit4.JUnit4Provider.executeTestSet(JUnit4Provider.java:141)
	at org.apache.maven.surefire.junit4.JUnit4Provider.invoke(JUnit4Provider.java:112)
	at sun.reflect.NativeMethodAccessorImpl.invoke0(Native Method)
	at sun.reflect.NativeMethodAccessorImpl.invoke(NativeMethodAccessorImpl.java:57)
	at sun.reflect.DelegatingMethodAccessorImpl.invoke(DelegatingMethodAccessorImpl.java:43)
	at java.lang.reflect.Method.invoke(Method.java:606)
	at org.apache.maven.surefire.util.ReflectionUtils.invokeMethodWithArray(ReflectionUtils.java:189)
	at org.apache.maven.surefire.booter.ProviderFactory$ProviderProxy.invoke(ProviderFactory.java:165)
	at org.apache.maven.surefire.booter.ProviderFactory.invokeProvider(ProviderFactory.java:85)
	at org.apache.maven.surefire.booter.ForkedBooter.runSuitesInProcess(ForkedBooter.java:115)
	at org.apache.maven.surefire.booter.ForkedBooter.main(ForkedBooter.java:75)</pre></div></div></td>
<td></td></tr>
<tr class="b">
<td><a href="#core.SeleniumTest.test_Title_ValidationIteration__17_:_exp:_codepen.net_act:_CodePen_-_Front_End_Developer_Playground__Code_Editor_in_the_Browser"><img src="images/icon_error_sml.gif" alt="" /></a></td>
<td><a name="TC_core.SeleniumTest.test_Title_ValidationIteration__17_:_exp:_codepen.net_act:_CodePen_-_Front_End_Developer_Playground__Code_Editor_in_the_Browser"></a><a href="#core.SeleniumTest.test_Title_ValidationIteration__17_:_exp:_codepen.net_act:_CodePen_-_Front_End_Developer_Playground__Code_Editor_in_the_Browser">test_Title_Validation[Iteration # 17 : exp: codepen.net; act: CodePen - Front End Developer Playground &amp; Code Editor in the Browser]</a>
<div class="detailToggle" style="display:inline"><a href="javascript:toggleDisplay(&apos;core.SeleniumTest.test_Title_ValidationIteration__17_:_exp:_codepen.net_act:_CodePen_-_Front_End_Developer_Playground__Code_Editor_in_the_Browser&apos;);"><span style="display:inline;" id="core.SeleniumTest.test_Title_ValidationIteration__17_:_exp:_codepen.net_act:_CodePen_-_Front_End_Developer_Playground__Code_Editor_in_the_Browseroff"> + </span><span style="display:none;" id="core.SeleniumTest.test_Title_ValidationIteration__17_:_exp:_codepen.net_act:_CodePen_-_Front_End_Developer_Playground__Code_Editor_in_the_Browseron"> - </span>[ Detail ]</a></div></td>
<td>0.003</td></tr>
<tr class="a">
<td></td>
<td>FAILED expected:&lt;[codepen.net]&gt; but was:&lt;[CodePen - Front End Developer Playground &amp; Code Editor in the Browser]&gt;</td>
<td></td></tr>
<tr class="b">
<td></td>
<td>
<div id="core.SeleniumTest.test_Title_ValidationIteration__17_:_exp:_codepen.net_act:_CodePen_-_Front_End_Developer_Playground__Code_Editor_in_the_Browsererror" style="display:none;">
<div>
<pre>org.junit.ComparisonFailure: FAILED expected:&lt;[codepen.net]&gt; but was:&lt;[CodePen - Front End Developer Playground &amp; Code Editor in the Browser]&gt;
	at org.junit.Assert.assertEquals(Assert.java:115)
	at core.SeleniumTest.test_Title_Validation(SeleniumTest.java:44)
	at sun.reflect.GeneratedMethodAccessor1.invoke(Unknown Source)
	at sun.reflect.DelegatingMethodAccessorImpl.invoke(DelegatingMethodAccessorImpl.java:43)
	at java.lang.reflect.Method.invoke(Method.java:606)
	at org.junit.runners.model.FrameworkMethod$1.runReflectiveCall(FrameworkMethod.java:50)
	at org.junit.internal.runners.model.ReflectiveCallable.run(ReflectiveCallable.java:12)
	at org.junit.runners.model.FrameworkMethod.invokeExplosively(FrameworkMethod.java:47)
	at org.junit.internal.runners.statements.InvokeMethod.evaluate(InvokeMethod.java:17)
	at org.junit.runners.ParentRunner.runLeaf(ParentRunner.java:325)
	at org.junit.runners.BlockJUnit4ClassRunner.runChild(BlockJUnit4ClassRunner.java:78)
	at org.junit.runners.BlockJUnit4ClassRunner.runChild(BlockJUnit4ClassRunner.java:57)
	at org.junit.runners.ParentRunner$3.run(ParentRunner.java:290)
	at org.junit.runners.ParentRunner$1.schedule(ParentRunner.java:71)
	at org.junit.runners.ParentRunner.runChildren(ParentRunner.java:288)
	at org.junit.runners.ParentRunner.access$000(ParentRunner.java:58)
	at org.junit.runners.ParentRunner$2.evaluate(ParentRunner.java:268)
	at org.junit.runners.ParentRunner.run(ParentRunner.java:363)
	at org.junit.runners.Suite.runChild(Suite.java:128)
	at org.junit.runners.Suite.runChild(Suite.java:27)
	at org.junit.runners.ParentRunner$3.run(ParentRunner.java:290)
	at org.junit.runners.ParentRunner$1.schedule(ParentRunner.java:71)
	at org.junit.runners.ParentRunner.runChildren(ParentRunner.java:288)
	at org.junit.runners.ParentRunner.access$000(ParentRunner.java:58)
	at org.junit.runners.ParentRunner$2.evaluate(ParentRunner.java:268)
	at org.junit.internal.runners.statements.RunBefores.evaluate(RunBefores.java:26)
	at org.junit.runners.ParentRunner.run(ParentRunner.java:363)
	at org.junit.runners.Suite.runChild(Suite.java:128)
	at org.junit.runners.Suite.runChild(Suite.java:27)
	at org.junit.runners.ParentRunner$3.run(ParentRunner.java:290)
	at org.junit.runners.ParentRunner$1.schedule(ParentRunner.java:71)
	at org.junit.runners.ParentRunner.runChildren(ParentRunner.java:288)
	at org.junit.runners.ParentRunner.access$000(ParentRunner.java:58)
	at org.junit.runners.ParentRunner$2.evaluate(ParentRunner.java:268)
	at org.junit.runners.ParentRunner.run(ParentRunner.java:363)
	at org.apache.maven.surefire.junit4.JUnit4Provider.execute(JUnit4Provider.java:252)
	at org.apache.maven.surefire.junit4.JUnit4Provider.executeTestSet(JUnit4Provider.java:141)
	at org.apache.maven.surefire.junit4.JUnit4Provider.invoke(JUnit4Provider.java:112)
	at sun.reflect.NativeMethodAccessorImpl.invoke0(Native Method)
	at sun.reflect.NativeMethodAccessorImpl.invoke(NativeMethodAccessorImpl.java:57)
	at sun.reflect.DelegatingMethodAccessorImpl.invoke(DelegatingMethodAccessorImpl.java:43)
	at java.lang.reflect.Method.invoke(Method.java:606)
	at org.apache.maven.surefire.util.ReflectionUtils.invokeMethodWithArray(ReflectionUtils.java:189)
	at org.apache.maven.surefire.booter.ProviderFactory$ProviderProxy.invoke(ProviderFactory.java:165)
	at org.apache.maven.surefire.booter.ProviderFactory.invokeProvider(ProviderFactory.java:85)
	at org.apache.maven.surefire.booter.ForkedBooter.runSuitesInProcess(ForkedBooter.java:115)
	at org.apache.maven.surefire.booter.ForkedBooter.main(ForkedBooter.java:75)</pre></div></div></td>
<td></td></tr>
<tr class="a">
<td><a href="#core.SeleniumTest.test_Title_ValidationIteration__18_:_exp:_www.visagourney.com_act:_VisaJourney_-_Your_US_Immigration_Community"><img src="images/icon_error_sml.gif" alt="" /></a></td>
<td><a name="TC_core.SeleniumTest.test_Title_ValidationIteration__18_:_exp:_www.visagourney.com_act:_VisaJourney_-_Your_US_Immigration_Community"></a><a href="#core.SeleniumTest.test_Title_ValidationIteration__18_:_exp:_www.visagourney.com_act:_VisaJourney_-_Your_US_Immigration_Community">test_Title_Validation[Iteration # 18 : exp: www.visagourney.com; act: VisaJourney - Your US Immigration Community]</a>
<div class="detailToggle" style="display:inline"><a href="javascript:toggleDisplay(&apos;core.SeleniumTest.test_Title_ValidationIteration__18_:_exp:_www.visagourney.com_act:_VisaJourney_-_Your_US_Immigration_Community&apos;);"><span style="display:inline;" id="core.SeleniumTest.test_Title_ValidationIteration__18_:_exp:_www.visagourney.com_act:_VisaJourney_-_Your_US_Immigration_Communityoff"> + </span><span style="display:none;" id="core.SeleniumTest.test_Title_ValidationIteration__18_:_exp:_www.visagourney.com_act:_VisaJourney_-_Your_US_Immigration_Communityon"> - </span>[ Detail ]</a></div></td>
<td>0.002</td></tr>
<tr class="b">
<td></td>
<td>FAILED expected:&lt;[www.visagourney.com]&gt; but was:&lt;[VisaJourney - Your US Immigration Community]&gt;</td>
<td></td></tr>
<tr class="a">
<td></td>
<td>
<div id="core.SeleniumTest.test_Title_ValidationIteration__18_:_exp:_www.visagourney.com_act:_VisaJourney_-_Your_US_Immigration_Communityerror" style="display:none;">
<div>
<pre>org.junit.ComparisonFailure: FAILED expected:&lt;[www.visagourney.com]&gt; but was:&lt;[VisaJourney - Your US Immigration Community]&gt;
	at org.junit.Assert.assertEquals(Assert.java:115)
	at core.SeleniumTest.test_Title_Validation(SeleniumTest.java:44)
	at sun.reflect.GeneratedMethodAccessor1.invoke(Unknown Source)
	at sun.reflect.DelegatingMethodAccessorImpl.invoke(DelegatingMethodAccessorImpl.java:43)
	at java.lang.reflect.Method.invoke(Method.java:606)
	at org.junit.runners.model.FrameworkMethod$1.runReflectiveCall(FrameworkMethod.java:50)
	at org.junit.internal.runners.model.ReflectiveCallable.run(ReflectiveCallable.java:12)
	at org.junit.runners.model.FrameworkMethod.invokeExplosively(FrameworkMethod.java:47)
	at org.junit.internal.runners.statements.InvokeMethod.evaluate(InvokeMethod.java:17)
	at org.junit.runners.ParentRunner.runLeaf(ParentRunner.java:325)
	at org.junit.runners.BlockJUnit4ClassRunner.runChild(BlockJUnit4ClassRunner.java:78)
	at org.junit.runners.BlockJUnit4ClassRunner.runChild(BlockJUnit4ClassRunner.java:57)
	at org.junit.runners.ParentRunner$3.run(ParentRunner.java:290)
	at org.junit.runners.ParentRunner$1.schedule(ParentRunner.java:71)
	at org.junit.runners.ParentRunner.runChildren(ParentRunner.java:288)
	at org.junit.runners.ParentRunner.access$000(ParentRunner.java:58)
	at org.junit.runners.ParentRunner$2.evaluate(ParentRunner.java:268)
	at org.junit.runners.ParentRunner.run(ParentRunner.java:363)
	at org.junit.runners.Suite.runChild(Suite.java:128)
	at org.junit.runners.Suite.runChild(Suite.java:27)
	at org.junit.runners.ParentRunner$3.run(ParentRunner.java:290)
	at org.junit.runners.ParentRunner$1.schedule(ParentRunner.java:71)
	at org.junit.runners.ParentRunner.runChildren(ParentRunner.java:288)
	at org.junit.runners.ParentRunner.access$000(ParentRunner.java:58)
	at org.junit.runners.ParentRunner$2.evaluate(ParentRunner.java:268)
	at org.junit.internal.runners.statements.RunBefores.evaluate(RunBefores.java:26)
	at org.junit.runners.ParentRunner.run(ParentRunner.java:363)
	at org.junit.runners.Suite.runChild(Suite.java:128)
	at org.junit.runners.Suite.runChild(Suite.java:27)
	at org.junit.runners.ParentRunner$3.run(ParentRunner.java:290)
	at org.junit.runners.ParentRunner$1.schedule(ParentRunner.java:71)
	at org.junit.runners.ParentRunner.runChildren(ParentRunner.java:288)
	at org.junit.runners.ParentRunner.access$000(ParentRunner.java:58)
	at org.junit.runners.ParentRunner$2.evaluate(ParentRunner.java:268)
	at org.junit.runners.ParentRunner.run(ParentRunner.java:363)
	at org.apache.maven.surefire.junit4.JUnit4Provider.execute(JUnit4Provider.java:252)
	at org.apache.maven.surefire.junit4.JUnit4Provider.executeTestSet(JUnit4Provider.java:141)
	at org.apache.maven.surefire.junit4.JUnit4Provider.invoke(JUnit4Provider.java:112)
	at sun.reflect.NativeMethodAccessorImpl.invoke0(Native Method)
	at sun.reflect.NativeMethodAccessorImpl.invoke(NativeMethodAccessorImpl.java:57)
	at sun.reflect.DelegatingMethodAccessorImpl.invoke(DelegatingMethodAccessorImpl.java:43)
	at java.lang.reflect.Method.invoke(Method.java:606)
	at org.apache.maven.surefire.util.ReflectionUtils.invokeMethodWithArray(ReflectionUtils.java:189)
	at org.apache.maven.surefire.booter.ProviderFactory$ProviderProxy.invoke(ProviderFactory.java:165)
	at org.apache.maven.surefire.booter.ProviderFactory.invokeProvider(ProviderFactory.java:85)
	at org.apache.maven.surefire.booter.ForkedBooter.runSuitesInProcess(ForkedBooter.java:115)
	at org.apache.maven.surefire.booter.ForkedBooter.main(ForkedBooter.java:75)</pre></div></div></td>
<td></td></tr>
<tr class="b">
<td><a href="#core.SeleniumTest.test_Title_ValidationIteration__19_:_exp:_iimgur.com_act:_Imgur:_The_most_awesome_images_on_the_Internet"><img src="images/icon_error_sml.gif" alt="" /></a></td>
<td><a name="TC_core.SeleniumTest.test_Title_ValidationIteration__19_:_exp:_iimgur.com_act:_Imgur:_The_most_awesome_images_on_the_Internet"></a><a href="#core.SeleniumTest.test_Title_ValidationIteration__19_:_exp:_iimgur.com_act:_Imgur:_The_most_awesome_images_on_the_Internet">test_Title_Validation[Iteration # 19 : exp: iimgur.com; act: Imgur: The most awesome images on the Internet]</a>
<div class="detailToggle" style="display:inline"><a href="javascript:toggleDisplay(&apos;core.SeleniumTest.test_Title_ValidationIteration__19_:_exp:_iimgur.com_act:_Imgur:_The_most_awesome_images_on_the_Internet&apos;);"><span style="display:inline;" id="core.SeleniumTest.test_Title_ValidationIteration__19_:_exp:_iimgur.com_act:_Imgur:_The_most_awesome_images_on_the_Internetoff"> + </span><span style="display:none;" id="core.SeleniumTest.test_Title_ValidationIteration__19_:_exp:_iimgur.com_act:_Imgur:_The_most_awesome_images_on_the_Interneton"> - </span>[ Detail ]</a></div></td>
<td>0.003</td></tr>
<tr class="a">
<td></td>
<td>FAILED expected:&lt;[iimgur.com]&gt; but was:&lt;[Imgur: The most awesome images on the Internet]&gt;</td>
<td></td></tr>
<tr class="b">
<td></td>
<td>
<div id="core.SeleniumTest.test_Title_ValidationIteration__19_:_exp:_iimgur.com_act:_Imgur:_The_most_awesome_images_on_the_Interneterror" style="display:none;">
<div>
<pre>org.junit.ComparisonFailure: FAILED expected:&lt;[iimgur.com]&gt; but was:&lt;[Imgur: The most awesome images on the Internet]&gt;
	at org.junit.Assert.assertEquals(Assert.java:115)
	at core.SeleniumTest.test_Title_Validation(SeleniumTest.java:44)
	at sun.reflect.GeneratedMethodAccessor1.invoke(Unknown Source)
	at sun.reflect.DelegatingMethodAccessorImpl.invoke(DelegatingMethodAccessorImpl.java:43)
	at java.lang.reflect.Method.invoke(Method.java:606)
	at org.junit.runners.model.FrameworkMethod$1.runReflectiveCall(FrameworkMethod.java:50)
	at org.junit.internal.runners.model.ReflectiveCallable.run(ReflectiveCallable.java:12)
	at org.junit.runners.model.FrameworkMethod.invokeExplosively(FrameworkMethod.java:47)
	at org.junit.internal.runners.statements.InvokeMethod.evaluate(InvokeMethod.java:17)
	at org.junit.runners.ParentRunner.runLeaf(ParentRunner.java:325)
	at org.junit.runners.BlockJUnit4ClassRunner.runChild(BlockJUnit4ClassRunner.java:78)
	at org.junit.runners.BlockJUnit4ClassRunner.runChild(BlockJUnit4ClassRunner.java:57)
	at org.junit.runners.ParentRunner$3.run(ParentRunner.java:290)
	at org.junit.runners.ParentRunner$1.schedule(ParentRunner.java:71)
	at org.junit.runners.ParentRunner.runChildren(ParentRunner.java:288)
	at org.junit.runners.ParentRunner.access$000(ParentRunner.java:58)
	at org.junit.runners.ParentRunner$2.evaluate(ParentRunner.java:268)
	at org.junit.runners.ParentRunner.run(ParentRunner.java:363)
	at org.junit.runners.Suite.runChild(Suite.java:128)
	at org.junit.runners.Suite.runChild(Suite.java:27)
	at org.junit.runners.ParentRunner$3.run(ParentRunner.java:290)
	at org.junit.runners.ParentRunner$1.schedule(ParentRunner.java:71)
	at org.junit.runners.ParentRunner.runChildren(ParentRunner.java:288)
	at org.junit.runners.ParentRunner.access$000(ParentRunner.java:58)
	at org.junit.runners.ParentRunner$2.evaluate(ParentRunner.java:268)
	at org.junit.internal.runners.statements.RunBefores.evaluate(RunBefores.java:26)
	at org.junit.runners.ParentRunner.run(ParentRunner.java:363)
	at org.junit.runners.Suite.runChild(Suite.java:128)
	at org.junit.runners.Suite.runChild(Suite.java:27)
	at org.junit.runners.ParentRunner$3.run(ParentRunner.java:290)
	at org.junit.runners.ParentRunner$1.schedule(ParentRunner.java:71)
	at org.junit.runners.ParentRunner.runChildren(ParentRunner.java:288)
	at org.junit.runners.ParentRunner.access$000(ParentRunner.java:58)
	at org.junit.runners.ParentRunner$2.evaluate(ParentRunner.java:268)
	at org.junit.runners.ParentRunner.run(ParentRunner.java:363)
	at org.apache.maven.surefire.junit4.JUnit4Provider.execute(JUnit4Provider.java:252)
	at org.apache.maven.surefire.junit4.JUnit4Provider.executeTestSet(JUnit4Provider.java:141)
	at org.apache.maven.surefire.junit4.JUnit4Provider.invoke(JUnit4Provider.java:112)
	at sun.reflect.NativeMethodAccessorImpl.invoke0(Native Method)
	at sun.reflect.NativeMethodAccessorImpl.invoke(NativeMethodAccessorImpl.java:57)
	at sun.reflect.DelegatingMethodAccessorImpl.invoke(DelegatingMethodAccessorImpl.java:43)
	at java.lang.reflect.Method.invoke(Method.java:606)
	at org.apache.maven.surefire.util.ReflectionUtils.invokeMethodWithArray(ReflectionUtils.java:189)
	at org.apache.maven.surefire.booter.ProviderFactory$ProviderProxy.invoke(ProviderFactory.java:165)
	at org.apache.maven.surefire.booter.ProviderFactory.invokeProvider(ProviderFactory.java:85)
	at org.apache.maven.surefire.booter.ForkedBooter.runSuitesInProcess(ForkedBooter.java:115)
	at org.apache.maven.surefire.booter.ForkedBooter.main(ForkedBooter.java:75)</pre></div></div></td>
<td></td></tr>
<tr class="a">
<td><a href="#core.SeleniumTest.test_Title_ValidationIteration__20_:_exp:_youtube.com_act:_YouTube"><img src="images/icon_error_sml.gif" alt="" /></a></td>
<td><a name="TC_core.SeleniumTest.test_Title_ValidationIteration__20_:_exp:_youtube.com_act:_YouTube"></a><a href="#core.SeleniumTest.test_Title_ValidationIteration__20_:_exp:_youtube.com_act:_YouTube">test_Title_Validation[Iteration # 20 : exp: youtube.com; act: YouTube]</a>
<div class="detailToggle" style="display:inline"><a href="javascript:toggleDisplay(&apos;core.SeleniumTest.test_Title_ValidationIteration__20_:_exp:_youtube.com_act:_YouTube&apos;);"><span style="display:inline;" id="core.SeleniumTest.test_Title_ValidationIteration__20_:_exp:_youtube.com_act:_YouTubeoff"> + </span><span style="display:none;" id="core.SeleniumTest.test_Title_ValidationIteration__20_:_exp:_youtube.com_act:_YouTubeon"> - </span>[ Detail ]</a></div></td>
<td>0.002</td></tr>
<tr class="b">
<td></td>
<td>FAILED expected:&lt;[youtube.com]&gt; but was:&lt;[YouTube]&gt;</td>
<td></td></tr>
<tr class="a">
<td></td>
<td>
<div id="core.SeleniumTest.test_Title_ValidationIteration__20_:_exp:_youtube.com_act:_YouTubeerror" style="display:none;">
<div>
<pre>org.junit.ComparisonFailure: FAILED expected:&lt;[youtube.com]&gt; but was:&lt;[YouTube]&gt;
	at org.junit.Assert.assertEquals(Assert.java:115)
	at core.SeleniumTest.test_Title_Validation(SeleniumTest.java:44)
	at sun.reflect.GeneratedMethodAccessor1.invoke(Unknown Source)
	at sun.reflect.DelegatingMethodAccessorImpl.invoke(DelegatingMethodAccessorImpl.java:43)
	at java.lang.reflect.Method.invoke(Method.java:606)
	at org.junit.runners.model.FrameworkMethod$1.runReflectiveCall(FrameworkMethod.java:50)
	at org.junit.internal.runners.model.ReflectiveCallable.run(ReflectiveCallable.java:12)
	at org.junit.runners.model.FrameworkMethod.invokeExplosively(FrameworkMethod.java:47)
	at org.junit.internal.runners.statements.InvokeMethod.evaluate(InvokeMethod.java:17)
	at org.junit.runners.ParentRunner.runLeaf(ParentRunner.java:325)
	at org.junit.runners.BlockJUnit4ClassRunner.runChild(BlockJUnit4ClassRunner.java:78)
	at org.junit.runners.BlockJUnit4ClassRunner.runChild(BlockJUnit4ClassRunner.java:57)
	at org.junit.runners.ParentRunner$3.run(ParentRunner.java:290)
	at org.junit.runners.ParentRunner$1.schedule(ParentRunner.java:71)
	at org.junit.runners.ParentRunner.runChildren(ParentRunner.java:288)
	at org.junit.runners.ParentRunner.access$000(ParentRunner.java:58)
	at org.junit.runners.ParentRunner$2.evaluate(ParentRunner.java:268)
	at org.junit.runners.ParentRunner.run(ParentRunner.java:363)
	at org.junit.runners.Suite.runChild(Suite.java:128)
	at org.junit.runners.Suite.runChild(Suite.java:27)
	at org.junit.runners.ParentRunner$3.run(ParentRunner.java:290)
	at org.junit.runners.ParentRunner$1.schedule(ParentRunner.java:71)
	at org.junit.runners.ParentRunner.runChildren(ParentRunner.java:288)
	at org.junit.runners.ParentRunner.access$000(ParentRunner.java:58)
	at org.junit.runners.ParentRunner$2.evaluate(ParentRunner.java:268)
	at org.junit.internal.runners.statements.RunBefores.evaluate(RunBefores.java:26)
	at org.junit.runners.ParentRunner.run(ParentRunner.java:363)
	at org.junit.runners.Suite.runChild(Suite.java:128)
	at org.junit.runners.Suite.runChild(Suite.java:27)
	at org.junit.runners.ParentRunner$3.run(ParentRunner.java:290)
	at org.junit.runners.ParentRunner$1.schedule(ParentRunner.java:71)
	at org.junit.runners.ParentRunner.runChildren(ParentRunner.java:288)
	at org.junit.runners.ParentRunner.access$000(ParentRunner.java:58)
	at org.junit.runners.ParentRunner$2.evaluate(ParentRunner.java:268)
	at org.junit.runners.ParentRunner.run(ParentRunner.java:363)
	at org.apache.maven.surefire.junit4.JUnit4Provider.execute(JUnit4Provider.java:252)
	at org.apache.maven.surefire.junit4.JUnit4Provider.executeTestSet(JUnit4Provider.java:141)
	at org.apache.maven.surefire.junit4.JUnit4Provider.invoke(JUnit4Provider.java:112)
	at sun.reflect.NativeMethodAccessorImpl.invoke0(Native Method)
	at sun.reflect.NativeMethodAccessorImpl.invoke(NativeMethodAccessorImpl.java:57)
	at sun.reflect.DelegatingMethodAccessorImpl.invoke(DelegatingMethodAccessorImpl.java:43)
	at java.lang.reflect.Method.invoke(Method.java:606)
	at org.apache.maven.surefire.util.ReflectionUtils.invokeMethodWithArray(ReflectionUtils.java:189)
	at org.apache.maven.surefire.booter.ProviderFactory$ProviderProxy.invoke(ProviderFactory.java:165)
	at org.apache.maven.surefire.booter.ProviderFactory.invokeProvider(ProviderFactory.java:85)
	at org.apache.maven.surefire.booter.ForkedBooter.runSuitesInProcess(ForkedBooter.java:115)
	at org.apache.maven.surefire.booter.ForkedBooter.main(ForkedBooter.java:75)</pre></div></div></td>
<td></td></tr>
<tr class="b">
<td><a href="#core.SeleniumTest.test_Title_ValidationIteration__21_:_exp:__www.alegro.com_act:_www.alegro.com"><img src="images/icon_error_sml.gif" alt="" /></a></td>
<td><a name="TC_core.SeleniumTest.test_Title_ValidationIteration__21_:_exp:__www.alegro.com_act:_www.alegro.com"></a><a href="#core.SeleniumTest.test_Title_ValidationIteration__21_:_exp:__www.alegro.com_act:_www.alegro.com">test_Title_Validation[Iteration # 21 : exp:  www.alegro.com&quot;; act: www.alegro.com]</a>
<div class="detailToggle" style="display:inline"><a href="javascript:toggleDisplay(&apos;core.SeleniumTest.test_Title_ValidationIteration__21_:_exp:__www.alegro.com_act:_www.alegro.com&apos;);"><span style="display:inline;" id="core.SeleniumTest.test_Title_ValidationIteration__21_:_exp:__www.alegro.com_act:_www.alegro.comoff"> + </span><span style="display:none;" id="core.SeleniumTest.test_Title_ValidationIteration__21_:_exp:__www.alegro.com_act:_www.alegro.comon"> - </span>[ Detail ]</a></div></td>
<td>0.004</td></tr>
<tr class="a">
<td></td>
<td>FAILED expected:&lt;[ www.alegro.com&quot;]&gt; but was:&lt;[www.alegro.com]&gt;</td>
<td></td></tr>
<tr class="b">
<td></td>
<td>
<div id="core.SeleniumTest.test_Title_ValidationIteration__21_:_exp:__www.alegro.com_act:_www.alegro.comerror" style="display:none;">
<div>
<pre>org.junit.ComparisonFailure: FAILED expected:&lt;[	www.alegro.com&quot;]&gt; but was:&lt;[www.alegro.com]&gt;
	at org.junit.Assert.assertEquals(Assert.java:115)
	at core.SeleniumTest.test_Title_Validation(SeleniumTest.java:44)
	at sun.reflect.GeneratedMethodAccessor1.invoke(Unknown Source)
	at sun.reflect.DelegatingMethodAccessorImpl.invoke(DelegatingMethodAccessorImpl.java:43)
	at java.lang.reflect.Method.invoke(Method.java:606)
	at org.junit.runners.model.FrameworkMethod$1.runReflectiveCall(FrameworkMethod.java:50)
	at org.junit.internal.runners.model.ReflectiveCallable.run(ReflectiveCallable.java:12)
	at org.junit.runners.model.FrameworkMethod.invokeExplosively(FrameworkMethod.java:47)
	at org.junit.internal.runners.statements.InvokeMethod.evaluate(InvokeMethod.java:17)
	at org.junit.runners.ParentRunner.runLeaf(ParentRunner.java:325)
	at org.junit.runners.BlockJUnit4ClassRunner.runChild(BlockJUnit4ClassRunner.java:78)
	at org.junit.runners.BlockJUnit4ClassRunner.runChild(BlockJUnit4ClassRunner.java:57)
	at org.junit.runners.ParentRunner$3.run(ParentRunner.java:290)
	at org.junit.runners.ParentRunner$1.schedule(ParentRunner.java:71)
	at org.junit.runners.ParentRunner.runChildren(ParentRunner.java:288)
	at org.junit.runners.ParentRunner.access$000(ParentRunner.java:58)
	at org.junit.runners.ParentRunner$2.evaluate(ParentRunner.java:268)
	at org.junit.runners.ParentRunner.run(ParentRunner.java:363)
	at org.junit.runners.Suite.runChild(Suite.java:128)
	at org.junit.runners.Suite.runChild(Suite.java:27)
	at org.junit.runners.ParentRunner$3.run(ParentRunner.java:290)
	at org.junit.runners.ParentRunner$1.schedule(ParentRunner.java:71)
	at org.junit.runners.ParentRunner.runChildren(ParentRunner.java:288)
	at org.junit.runners.ParentRunner.access$000(ParentRunner.java:58)
	at org.junit.runners.ParentRunner$2.evaluate(ParentRunner.java:268)
	at org.junit.internal.runners.statements.RunBefores.evaluate(RunBefores.java:26)
	at org.junit.runners.ParentRunner.run(ParentRunner.java:363)
	at org.junit.runners.Suite.runChild(Suite.java:128)
	at org.junit.runners.Suite.runChild(Suite.java:27)
	at org.junit.runners.ParentRunner$3.run(ParentRunner.java:290)
	at org.junit.runners.ParentRunner$1.schedule(ParentRunner.java:71)
	at org.junit.runners.ParentRunner.runChildren(ParentRunner.java:288)
	at org.junit.runners.ParentRunner.access$000(ParentRunner.java:58)
	at org.junit.runners.ParentRunner$2.evaluate(ParentRunner.java:268)
	at org.junit.runners.ParentRunner.run(ParentRunner.java:363)
	at org.apache.maven.surefire.junit4.JUnit4Provider.execute(JUnit4Provider.java:252)
	at org.apache.maven.surefire.junit4.JUnit4Provider.executeTestSet(JUnit4Provider.java:141)
	at org.apache.maven.surefire.junit4.JUnit4Provider.invoke(JUnit4Provider.java:112)
	at sun.reflect.NativeMethodAccessorImpl.invoke0(Native Method)
	at sun.reflect.NativeMethodAccessorImpl.invoke(NativeMethodAccessorImpl.java:57)
	at sun.reflect.DelegatingMethodAccessorImpl.invoke(DelegatingMethodAccessorImpl.java:43)
	at java.lang.reflect.Method.invoke(Method.java:606)
	at org.apache.maven.surefire.util.ReflectionUtils.invokeMethodWithArray(ReflectionUtils.java:189)
	at org.apache.maven.surefire.booter.ProviderFactory$ProviderProxy.invoke(ProviderFactory.java:165)
	at org.apache.maven.surefire.booter.ProviderFactory.invokeProvider(ProviderFactory.java:85)
	at org.apache.maven.surefire.booter.ForkedBooter.runSuitesInProcess(ForkedBooter.java:115)
	at org.apache.maven.surefire.booter.ForkedBooter.main(ForkedBooter.java:75)</pre></div></div></td>
<td></td></tr>
<tr class="a">
<td><a href="#core.SeleniumTest.test_Title_ValidationIteration__22_:_exp:__www.alegro.net_act:_Alegro.net"><img src="images/icon_error_sml.gif" alt="" /></a></td>
<td><a name="TC_core.SeleniumTest.test_Title_ValidationIteration__22_:_exp:__www.alegro.net_act:_Alegro.net"></a><a href="#core.SeleniumTest.test_Title_ValidationIteration__22_:_exp:__www.alegro.net_act:_Alegro.net">test_Title_Validation[Iteration # 22 : exp:  www.alegro.net&quot;; act: Alegro.net]</a>
<div class="detailToggle" style="display:inline"><a href="javascript:toggleDisplay(&apos;core.SeleniumTest.test_Title_ValidationIteration__22_:_exp:__www.alegro.net_act:_Alegro.net&apos;);"><span style="display:inline;" id="core.SeleniumTest.test_Title_ValidationIteration__22_:_exp:__www.alegro.net_act:_Alegro.netoff"> + </span><span style="display:none;" id="core.SeleniumTest.test_Title_ValidationIteration__22_:_exp:__www.alegro.net_act:_Alegro.neton"> - </span>[ Detail ]</a></div></td>
<td>0.002</td></tr>
<tr class="b">
<td></td>
<td>FAILED expected:&lt;[ www.alegro.net&quot;]&gt; but was:&lt;[Alegro.net]&gt;</td>
<td></td></tr>
<tr class="a">
<td></td>
<td>
<div id="core.SeleniumTest.test_Title_ValidationIteration__22_:_exp:__www.alegro.net_act:_Alegro.neterror" style="display:none;">
<div>
<pre>org.junit.ComparisonFailure: FAILED expected:&lt;[	www.alegro.net&quot;]&gt; but was:&lt;[Alegro.net]&gt;
	at org.junit.Assert.assertEquals(Assert.java:115)
	at core.SeleniumTest.test_Title_Validation(SeleniumTest.java:44)
	at sun.reflect.GeneratedMethodAccessor1.invoke(Unknown Source)
	at sun.reflect.DelegatingMethodAccessorImpl.invoke(DelegatingMethodAccessorImpl.java:43)
	at java.lang.reflect.Method.invoke(Method.java:606)
	at org.junit.runners.model.FrameworkMethod$1.runReflectiveCall(FrameworkMethod.java:50)
	at org.junit.internal.runners.model.ReflectiveCallable.run(ReflectiveCallable.java:12)
	at org.junit.runners.model.FrameworkMethod.invokeExplosively(FrameworkMethod.java:47)
	at org.junit.internal.runners.statements.InvokeMethod.evaluate(InvokeMethod.java:17)
	at org.junit.runners.ParentRunner.runLeaf(ParentRunner.java:325)
	at org.junit.runners.BlockJUnit4ClassRunner.runChild(BlockJUnit4ClassRunner.java:78)
	at org.junit.runners.BlockJUnit4ClassRunner.runChild(BlockJUnit4ClassRunner.java:57)
	at org.junit.runners.ParentRunner$3.run(ParentRunner.java:290)
	at org.junit.runners.ParentRunner$1.schedule(ParentRunner.java:71)
	at org.junit.runners.ParentRunner.runChildren(ParentRunner.java:288)
	at org.junit.runners.ParentRunner.access$000(ParentRunner.java:58)
	at org.junit.runners.ParentRunner$2.evaluate(ParentRunner.java:268)
	at org.junit.runners.ParentRunner.run(ParentRunner.java:363)
	at org.junit.runners.Suite.runChild(Suite.java:128)
	at org.junit.runners.Suite.runChild(Suite.java:27)
	at org.junit.runners.ParentRunner$3.run(ParentRunner.java:290)
	at org.junit.runners.ParentRunner$1.schedule(ParentRunner.java:71)
	at org.junit.runners.ParentRunner.runChildren(ParentRunner.java:288)
	at org.junit.runners.ParentRunner.access$000(ParentRunner.java:58)
	at org.junit.runners.ParentRunner$2.evaluate(ParentRunner.java:268)
	at org.junit.internal.runners.statements.RunBefores.evaluate(RunBefores.java:26)
	at org.junit.runners.ParentRunner.run(ParentRunner.java:363)
	at org.junit.runners.Suite.runChild(Suite.java:128)
	at org.junit.runners.Suite.runChild(Suite.java:27)
	at org.junit.runners.ParentRunner$3.run(ParentRunner.java:290)
	at org.junit.runners.ParentRunner$1.schedule(ParentRunner.java:71)
	at org.junit.runners.ParentRunner.runChildren(ParentRunner.java:288)
	at org.junit.runners.ParentRunner.access$000(ParentRunner.java:58)
	at org.junit.runners.ParentRunner$2.evaluate(ParentRunner.java:268)
	at org.junit.runners.ParentRunner.run(ParentRunner.java:363)
	at org.apache.maven.surefire.junit4.JUnit4Provider.execute(JUnit4Provider.java:252)
	at org.apache.maven.surefire.junit4.JUnit4Provider.executeTestSet(JUnit4Provider.java:141)
	at org.apache.maven.surefire.junit4.JUnit4Provider.invoke(JUnit4Provider.java:112)
	at sun.reflect.NativeMethodAccessorImpl.invoke0(Native Method)
	at sun.reflect.NativeMethodAccessorImpl.invoke(NativeMethodAccessorImpl.java:57)
	at sun.reflect.DelegatingMethodAccessorImpl.invoke(DelegatingMethodAccessorImpl.java:43)
	at java.lang.reflect.Method.invoke(Method.java:606)
	at org.apache.maven.surefire.util.ReflectionUtils.invokeMethodWithArray(ReflectionUtils.java:189)
	at org.apache.maven.surefire.booter.ProviderFactory$ProviderProxy.invoke(ProviderFactory.java:165)
	at org.apache.maven.surefire.booter.ProviderFactory.invokeProvider(ProviderFactory.java:85)
	at org.apache.maven.surefire.booter.ForkedBooter.runSuitesInProcess(ForkedBooter.java:115)
	at org.apache.maven.surefire.booter.ForkedBooter.main(ForkedBooter.java:75)</pre></div></div></td>
<td></td></tr>
<tr class="b">
<td><a href="#core.SeleniumTest.test_Title_ValidationIteration__23_:_exp:_www.github.com_act:_How_people_build_software__GitHub"><img src="images/icon_error_sml.gif" alt="" /></a></td>
<td><a name="TC_core.SeleniumTest.test_Title_ValidationIteration__23_:_exp:_www.github.com_act:_How_people_build_software__GitHub"></a><a href="#core.SeleniumTest.test_Title_ValidationIteration__23_:_exp:_www.github.com_act:_How_people_build_software__GitHub">test_Title_Validation[Iteration # 23 : exp: www.github.com; act: How people build software &#xb7; GitHub]</a>
<div class="detailToggle" style="display:inline"><a href="javascript:toggleDisplay(&apos;core.SeleniumTest.test_Title_ValidationIteration__23_:_exp:_www.github.com_act:_How_people_build_software__GitHub&apos;);"><span style="display:inline;" id="core.SeleniumTest.test_Title_ValidationIteration__23_:_exp:_www.github.com_act:_How_people_build_software__GitHuboff"> + </span><span style="display:none;" id="core.SeleniumTest.test_Title_ValidationIteration__23_:_exp:_www.github.com_act:_How_people_build_software__GitHubon"> - </span>[ Detail ]</a></div></td>
<td>0.002</td></tr>
<tr class="a">
<td></td>
<td>FAILED expected:&lt;[www.github.com]&gt; but was:&lt;[How people build software &#xb7; GitHub]&gt;</td>
<td></td></tr>
<tr class="b">
<td></td>
<td>
<div id="core.SeleniumTest.test_Title_ValidationIteration__23_:_exp:_www.github.com_act:_How_people_build_software__GitHuberror" style="display:none;">
<div>
<pre>org.junit.ComparisonFailure: FAILED expected:&lt;[www.github.com]&gt; but was:&lt;[How people build software &#xb7; GitHub]&gt;
	at org.junit.Assert.assertEquals(Assert.java:115)
	at core.SeleniumTest.test_Title_Validation(SeleniumTest.java:44)
	at sun.reflect.GeneratedMethodAccessor1.invoke(Unknown Source)
	at sun.reflect.DelegatingMethodAccessorImpl.invoke(DelegatingMethodAccessorImpl.java:43)
	at java.lang.reflect.Method.invoke(Method.java:606)
	at org.junit.runners.model.FrameworkMethod$1.runReflectiveCall(FrameworkMethod.java:50)
	at org.junit.internal.runners.model.ReflectiveCallable.run(ReflectiveCallable.java:12)
	at org.junit.runners.model.FrameworkMethod.invokeExplosively(FrameworkMethod.java:47)
	at org.junit.internal.runners.statements.InvokeMethod.evaluate(InvokeMethod.java:17)
	at org.junit.runners.ParentRunner.runLeaf(ParentRunner.java:325)
	at org.junit.runners.BlockJUnit4ClassRunner.runChild(BlockJUnit4ClassRunner.java:78)
	at org.junit.runners.BlockJUnit4ClassRunner.runChild(BlockJUnit4ClassRunner.java:57)
	at org.junit.runners.ParentRunner$3.run(ParentRunner.java:290)
	at org.junit.runners.ParentRunner$1.schedule(ParentRunner.java:71)
	at org.junit.runners.ParentRunner.runChildren(ParentRunner.java:288)
	at org.junit.runners.ParentRunner.access$000(ParentRunner.java:58)
	at org.junit.runners.ParentRunner$2.evaluate(ParentRunner.java:268)
	at org.junit.runners.ParentRunner.run(ParentRunner.java:363)
	at org.junit.runners.Suite.runChild(Suite.java:128)
	at org.junit.runners.Suite.runChild(Suite.java:27)
	at org.junit.runners.ParentRunner$3.run(ParentRunner.java:290)
	at org.junit.runners.ParentRunner$1.schedule(ParentRunner.java:71)
	at org.junit.runners.ParentRunner.runChildren(ParentRunner.java:288)
	at org.junit.runners.ParentRunner.access$000(ParentRunner.java:58)
	at org.junit.runners.ParentRunner$2.evaluate(ParentRunner.java:268)
	at org.junit.internal.runners.statements.RunBefores.evaluate(RunBefores.java:26)
	at org.junit.runners.ParentRunner.run(ParentRunner.java:363)
	at org.junit.runners.Suite.runChild(Suite.java:128)
	at org.junit.runners.Suite.runChild(Suite.java:27)
	at org.junit.runners.ParentRunner$3.run(ParentRunner.java:290)
	at org.junit.runners.ParentRunner$1.schedule(ParentRunner.java:71)
	at org.junit.runners.ParentRunner.runChildren(ParentRunner.java:288)
	at org.junit.runners.ParentRunner.access$000(ParentRunner.java:58)
	at org.junit.runners.ParentRunner$2.evaluate(ParentRunner.java:268)
	at org.junit.runners.ParentRunner.run(ParentRunner.java:363)
	at org.apache.maven.surefire.junit4.JUnit4Provider.execute(JUnit4Provider.java:252)
	at org.apache.maven.surefire.junit4.JUnit4Provider.executeTestSet(JUnit4Provider.java:141)
	at org.apache.maven.surefire.junit4.JUnit4Provider.invoke(JUnit4Provider.java:112)
	at sun.reflect.NativeMethodAccessorImpl.invoke0(Native Method)
	at sun.reflect.NativeMethodAccessorImpl.invoke(NativeMethodAccessorImpl.java:57)
	at sun.reflect.DelegatingMethodAccessorImpl.invoke(DelegatingMethodAccessorImpl.java:43)
	at java.lang.reflect.Method.invoke(Method.java:606)
	at org.apache.maven.surefire.util.ReflectionUtils.invokeMethodWithArray(ReflectionUtils.java:189)
	at org.apache.maven.surefire.booter.ProviderFactory$ProviderProxy.invoke(ProviderFactory.java:165)
	at org.apache.maven.surefire.booter.ProviderFactory.invokeProvider(ProviderFactory.java:85)
	at org.apache.maven.surefire.booter.ForkedBooter.runSuitesInProcess(ForkedBooter.java:115)
	at org.apache.maven.surefire.booter.ForkedBooter.main(ForkedBooter.java:75)</pre></div></div></td>
<td></td></tr>
<tr class="a">
<td><a href="#core.SeleniumTest.test_Title_ValidationIteration__24_:_exp:_www.snob.ru_act:_"><img src="images/icon_error_sml.gif" alt="" /></a></td>
<td><a name="TC_core.SeleniumTest.test_Title_ValidationIteration__24_:_exp:_www.snob.ru_act:_"></a><a href="#core.SeleniumTest.test_Title_ValidationIteration__24_:_exp:_www.snob.ru_act:_">test_Title_Validation[Iteration # 24 : exp: www.snob.ru; act: &#x421;&#x43d;&#x43e;&#x431;]</a>
<div class="detailToggle" style="display:inline"><a href="javascript:toggleDisplay(&apos;core.SeleniumTest.test_Title_ValidationIteration__24_:_exp:_www.snob.ru_act:_&apos;);"><span style="display:inline;" id="core.SeleniumTest.test_Title_ValidationIteration__24_:_exp:_www.snob.ru_act:_off"> + </span><span style="display:none;" id="core.SeleniumTest.test_Title_ValidationIteration__24_:_exp:_www.snob.ru_act:_on"> - </span>[ Detail ]</a></div></td>
<td>0.002</td></tr>
<tr class="b">
<td></td>
<td>FAILED expected:&lt;[www.snob.ru]&gt; but was:&lt;[&#x421;&#x43d;&#x43e;&#x431;]&gt;</td>
<td></td></tr>
<tr class="a">
<td></td>
<td>
<div id="core.SeleniumTest.test_Title_ValidationIteration__24_:_exp:_www.snob.ru_act:_error" style="display:none;">
<div>
<pre>org.junit.ComparisonFailure: FAILED expected:&lt;[www.snob.ru]&gt; but was:&lt;[&#x421;&#x43d;&#x43e;&#x431;]&gt;
	at org.junit.Assert.assertEquals(Assert.java:115)
	at core.SeleniumTest.test_Title_Validation(SeleniumTest.java:44)
	at sun.reflect.GeneratedMethodAccessor1.invoke(Unknown Source)
	at sun.reflect.DelegatingMethodAccessorImpl.invoke(DelegatingMethodAccessorImpl.java:43)
	at java.lang.reflect.Method.invoke(Method.java:606)
	at org.junit.runners.model.FrameworkMethod$1.runReflectiveCall(FrameworkMethod.java:50)
	at org.junit.internal.runners.model.ReflectiveCallable.run(ReflectiveCallable.java:12)
	at org.junit.runners.model.FrameworkMethod.invokeExplosively(FrameworkMethod.java:47)
	at org.junit.internal.runners.statements.InvokeMethod.evaluate(InvokeMethod.java:17)
	at org.junit.runners.ParentRunner.runLeaf(ParentRunner.java:325)
	at org.junit.runners.BlockJUnit4ClassRunner.runChild(BlockJUnit4ClassRunner.java:78)
	at org.junit.runners.BlockJUnit4ClassRunner.runChild(BlockJUnit4ClassRunner.java:57)
	at org.junit.runners.ParentRunner$3.run(ParentRunner.java:290)
	at org.junit.runners.ParentRunner$1.schedule(ParentRunner.java:71)
	at org.junit.runners.ParentRunner.runChildren(ParentRunner.java:288)
	at org.junit.runners.ParentRunner.access$000(ParentRunner.java:58)
	at org.junit.runners.ParentRunner$2.evaluate(ParentRunner.java:268)
	at org.junit.runners.ParentRunner.run(ParentRunner.java:363)
	at org.junit.runners.Suite.runChild(Suite.java:128)
	at org.junit.runners.Suite.runChild(Suite.java:27)
	at org.junit.runners.ParentRunner$3.run(ParentRunner.java:290)
	at org.junit.runners.ParentRunner$1.schedule(ParentRunner.java:71)
	at org.junit.runners.ParentRunner.runChildren(ParentRunner.java:288)
	at org.junit.runners.ParentRunner.access$000(ParentRunner.java:58)
	at org.junit.runners.ParentRunner$2.evaluate(ParentRunner.java:268)
	at org.junit.internal.runners.statements.RunBefores.evaluate(RunBefores.java:26)
	at org.junit.runners.ParentRunner.run(ParentRunner.java:363)
	at org.junit.runners.Suite.runChild(Suite.java:128)
	at org.junit.runners.Suite.runChild(Suite.java:27)
	at org.junit.runners.ParentRunner$3.run(ParentRunner.java:290)
	at org.junit.runners.ParentRunner$1.schedule(ParentRunner.java:71)
	at org.junit.runners.ParentRunner.runChildren(ParentRunner.java:288)
	at org.junit.runners.ParentRunner.access$000(ParentRunner.java:58)
	at org.junit.runners.ParentRunner$2.evaluate(ParentRunner.java:268)
	at org.junit.runners.ParentRunner.run(ParentRunner.java:363)
	at org.apache.maven.surefire.junit4.JUnit4Provider.execute(JUnit4Provider.java:252)
	at org.apache.maven.surefire.junit4.JUnit4Provider.executeTestSet(JUnit4Provider.java:141)
	at org.apache.maven.surefire.junit4.JUnit4Provider.invoke(JUnit4Provider.java:112)
	at sun.reflect.NativeMethodAccessorImpl.invoke0(Native Method)
	at sun.reflect.NativeMethodAccessorImpl.invoke(NativeMethodAccessorImpl.java:57)
	at sun.reflect.DelegatingMethodAccessorImpl.invoke(DelegatingMethodAccessorImpl.java:43)
	at java.lang.reflect.Method.invoke(Method.java:606)
	at org.apache.maven.surefire.util.ReflectionUtils.invokeMethodWithArray(ReflectionUtils.java:189)
	at org.apache.maven.surefire.booter.ProviderFactory$ProviderProxy.invoke(ProviderFactory.java:165)
	at org.apache.maven.surefire.booter.ProviderFactory.invokeProvider(ProviderFactory.java:85)
	at org.apache.maven.surefire.booter.ForkedBooter.runSuitesInProcess(ForkedBooter.java:115)
	at org.apache.maven.surefire.booter.ForkedBooter.main(ForkedBooter.java:75)</pre></div></div></td>
<td></td></tr></table></div><br /></div>
<div class="section">
<h2>Failure Details<a name="Failure_Details"></a></h2><a name="Failure_Details"></a>
<p>[<a href="#Summary">Summary</a>] [<a href="#Package_List">Package List</a>] [<a href="#Test_Cases">Test Cases</a>]</p><br />
<table border="1" class="bodyTable">
<tr class="a">
<td><img src="images/icon_error_sml.gif" alt="" /></td>
<td><a name="core.SeleniumTest.test_Title_ValidationIteration__0_:_exp:_www.uvcs.uvic.ca_act:_Continuing_Studies__University_of_Victoria"></a>test_Title_Validation[Iteration # 0 : exp: www.uvcs.uvic.ca; act: Continuing Studies &#xb7; University of Victoria]</td></tr>
<tr class="b">
<td></td>
<td>org.junit.ComparisonFailure: FAILED expected:&lt;[www.uvcs.uvic.c]a&gt; but was:&lt;[Continuing Studies &#xb7; University of Victori]a&gt;</td></tr>
<tr class="a">
<td></td>
<td>
<div id="test_Title_Validation[Iteration # 0 : exp: www.uvcs.uvic.ca; act: Continuing Studies &#xb7; University of Victoria]error">core.SeleniumTest:44</div></td></tr>
<tr class="b">
<td><img src="images/icon_error_sml.gif" alt="" /></td>
<td><a name="core.SeleniumTest.test_Title_ValidationIteration__1_:_exp:_www.uscis.gov_act:_Homepage__USCIS"></a>test_Title_Validation[Iteration # 1 : exp: www.uscis.gov; act: Homepage | USCIS]</td></tr>
<tr class="a">
<td></td>
<td>org.junit.ComparisonFailure: FAILED expected:&lt;[www.uscis.gov]&gt; but was:&lt;[Homepage | USCIS]&gt;</td></tr>
<tr class="b">
<td></td>
<td>
<div id="test_Title_Validation[Iteration # 1 : exp: www.uscis.gov; act: Homepage | USCIS]error">core.SeleniumTest:44</div></td></tr>
<tr class="a">
<td><img src="images/icon_error_sml.gif" alt="" /></td>
<td><a name="core.SeleniumTest.test_Title_ValidationIteration__2_:_exp:_umich.edu_act:_University_of_Michigan"></a>test_Title_Validation[Iteration # 2 : exp: umich.edu; act: University of Michigan]</td></tr>
<tr class="b">
<td></td>
<td>org.junit.ComparisonFailure: FAILED expected:&lt;[umich.edu]&gt; but was:&lt;[University of Michigan]&gt;</td></tr>
<tr class="a">
<td></td>
<td>
<div id="test_Title_Validation[Iteration # 2 : exp: umich.edu; act: University of Michigan]error">core.SeleniumTest:44</div></td></tr>
<tr class="b">
<td><img src="images/icon_error_sml.gif" alt="" /></td>
<td><a name="core.SeleniumTest.test_Title_ValidationIteration__3_:_exp:_www.crossover.com_act:_Crossover_-_The_Worlds_Best_Talent_100_Remote"></a>test_Title_Validation[Iteration # 3 : exp: www.crossover.com; act: Crossover - The World's Best Talent 100% Remote]</td></tr>
<tr class="a">
<td></td>
<td>org.junit.ComparisonFailure: FAILED expected:&lt;[www.crossover.com]&gt; but was:&lt;[Crossover - The World's Best Talent 100% Remote]&gt;</td></tr>
<tr class="b">
<td></td>
<td>
<div id="test_Title_Validation[Iteration # 3 : exp: www.crossover.com; act: Crossover - The World's Best Talent 100% Remote]error">core.SeleniumTest:44</div></td></tr>
<tr class="a">
<td><img src="images/icon_error_sml.gif" alt="" /></td>
<td><a name="core.SeleniumTest.test_Title_ValidationIteration__4_:_exp:_codepen.io_act:_CodePen_-_Front_End_Developer_Playground__Code_Editor_in_the_Browser"></a>test_Title_Validation[Iteration # 4 : exp: codepen.io; act: CodePen - Front End Developer Playground &amp; Code Editor in the Browser]</td></tr>
<tr class="b">
<td></td>
<td>org.junit.ComparisonFailure: FAILED expected:&lt;[codepen.io]&gt; but was:&lt;[CodePen - Front End Developer Playground &amp; Code Editor in the Browser]&gt;</td></tr>
<tr class="a">
<td></td>
<td>
<div id="test_Title_Validation[Iteration # 4 : exp: codepen.io; act: CodePen - Front End Developer Playground &amp; Code Editor in the Browser]error">core.SeleniumTest:44</div></td></tr>
<tr class="b">
<td><img src="images/icon_error_sml.gif" alt="" /></td>
<td><a name="core.SeleniumTest.test_Title_ValidationIteration__5_:_exp:_www.visajourney.com_act:_VisaJourney_-_Your_US_Immigration_Community"></a>test_Title_Validation[Iteration # 5 : exp: www.visajourney.com; act: VisaJourney - Your US Immigration Community]</td></tr>
<tr class="a">
<td></td>
<td>org.junit.ComparisonFailure: FAILED expected:&lt;[www.visajourney.com]&gt; but was:&lt;[VisaJourney - Your US Immigration Community]&gt;</td></tr>
<tr class="b">
<td></td>
<td>
<div id="test_Title_Validation[Iteration # 5 : exp: www.visajourney.com; act: VisaJourney - Your US Immigration Community]error">core.SeleniumTest:44</div></td></tr>
<tr class="a">
<td><img src="images/icon_error_sml.gif" alt="" /></td>
<td><a name="core.SeleniumTest.test_Title_ValidationIteration__6_:_exp:_imgur.com_act:_Imgur:_The_most_awesome_images_on_the_Internet"></a>test_Title_Validation[Iteration # 6 : exp: imgur.com; act: Imgur: The most awesome images on the Internet]</td></tr>
<tr class="b">
<td></td>
<td>org.junit.ComparisonFailure: FAILED expected:&lt;[imgur.com]&gt; but was:&lt;[Imgur: The most awesome images on the Internet]&gt;</td></tr>
<tr class="a">
<td></td>
<td>
<div id="test_Title_Validation[Iteration # 6 : exp: imgur.com; act: Imgur: The most awesome images on the Internet]error">core.SeleniumTest:44</div></td></tr>
<tr class="b">
<td><img src="images/icon_error_sml.gif" alt="" /></td>
<td><a name="core.SeleniumTest.test_Title_ValidationIteration__7_:_exp:_www.youtube.com_act:_YouTube"></a>test_Title_Validation[Iteration # 7 : exp: www.youtube.com; act: YouTube]</td></tr>
<tr class="a">
<td></td>
<td>org.junit.ComparisonFailure: FAILED expected:&lt;[www.youtube.com]&gt; but was:&lt;[YouTube]&gt;</td></tr>
<tr class="b">
<td></td>
<td>
<div id="test_Title_Validation[Iteration # 7 : exp: www.youtube.com; act: YouTube]error">core.SeleniumTest:44</div></td></tr>
<tr class="a">
<td><img src="images/icon_error_sml.gif" alt="" /></td>
<td><a name="core.SeleniumTest.test_Title_ValidationIteration__8_:_exp:_github.com_act:_How_people_build_software__GitHub"></a>test_Title_Validation[Iteration # 8 : exp: github.com; act: How people build software &#xb7; GitHub]</td></tr>
<tr class="b">
<td></td>
<td>org.junit.ComparisonFailure: FAILED expected:&lt;[github.com]&gt; but was:&lt;[How people build software &#xb7; GitHub]&gt;</td></tr>
<tr class="a">
<td></td>
<td>
<div id="test_Title_Validation[Iteration # 8 : exp: github.com; act: How people build software &#xb7; GitHub]error">core.SeleniumTest:44</div></td></tr>
<tr class="b">
<td><img src="images/icon_error_sml.gif" alt="" /></td>
<td><a name="core.SeleniumTest.test_Title_ValidationIteration__9_:_exp:_snob.ru_act:_"></a>test_Title_Validation[Iteration # 9 : exp: snob.ru; act: &#x421;&#x43d;&#x43e;&#x431;]</td></tr>
<tr class="a">
<td></td>
<td>org.junit.ComparisonFailure: FAILED expected:&lt;[snob.ru]&gt; but was:&lt;[&#x421;&#x43d;&#x43e;&#x431;]&gt;</td></tr>
<tr class="b">
<td></td>
<td>
<div id="test_Title_Validation[Iteration # 9 : exp: snob.ru; act: &#x421;&#x43d;&#x43e;&#x431;]error">core.SeleniumTest:44</div></td></tr>
<tr class="a">
<td><img src="images/icon_error_sml.gif" alt="" /></td>
<td><a name="core.SeleniumTest.test_Title_ValidationIteration__10_:_exp:_www.uscis.gov_act:_Homepage__USCIS"></a>test_Title_Validation[Iteration # 10 : exp: www.uscis.gov; act: Homepage | USCIS]</td></tr>
<tr class="b">
<td></td>
<td>org.junit.ComparisonFailure: FAILED expected:&lt;[www.uscis.gov]&gt; but was:&lt;[Homepage | USCIS]&gt;</td></tr>
<tr class="a">
<td></td>
<td>
<div id="test_Title_Validation[Iteration # 10 : exp: www.uscis.gov; act: Homepage | USCIS]error">core.SeleniumTest:44</div></td></tr>
<tr class="b">
<td><img src="images/icon_error_sml.gif" alt="" /></td>
<td><a name="core.SeleniumTest.test_Title_ValidationIteration__11_:_exp:_www.etextlib.ru_act:___eTextLib._____ePub__fb2_."></a>test_Title_Validation[Iteration # 11 : exp: www.etextlib.ru; act: &#x42d;&#x43b;&#x435;&#x43a;&#x442;&#x440;&#x43e;&#x43d;&#x43d;&#x430;&#x44f; &#x431;&#x438;&#x431;&#x43b;&#x438;&#x43e;&#x442;&#x435;&#x43a;&#x430; eTextLib. &#x421;&#x43a;&#x430;&#x447;&#x430;&#x442;&#x44c; &#x43a;&#x43d;&#x438;&#x433;&#x438; &#x432; &#x444;&#x43e;&#x440;&#x43c;&#x430;&#x442;&#x435; ePub &#x438; fb2 &#x431;&#x435;&#x441;&#x43f;&#x43b;&#x430;&#x442;&#x43d;&#x43e;.]</td></tr>
<tr class="a">
<td></td>
<td>org.junit.ComparisonFailure: FAILED expected:&lt;[www.etextlib.ru]&gt; but was:&lt;[&#x42d;&#x43b;&#x435;&#x43a;&#x442;&#x440;&#x43e;&#x43d;&#x43d;&#x430;&#x44f; &#x431;&#x438;&#x431;&#x43b;&#x438;&#x43e;&#x442;&#x435;&#x43a;&#x430; eTextLib. &#x421;&#x43a;&#x430;&#x447;&#x430;&#x442;&#x44c; &#x43a;&#x43d;&#x438;&#x433;&#x438; &#x432; &#x444;&#x43e;&#x440;&#x43c;&#x430;&#x442;&#x435; ePub &#x438; fb2 &#x431;&#x435;&#x441;&#x43f;&#x43b;&#x430;&#x442;&#x43d;&#x43e;.]&gt;</td></tr>
<tr class="b">
<td></td>
<td>
<div id="test_Title_Validation[Iteration # 11 : exp: www.etextlib.ru; act: &#x42d;&#x43b;&#x435;&#x43a;&#x442;&#x440;&#x43e;&#x43d;&#x43d;&#x430;&#x44f; &#x431;&#x438;&#x431;&#x43b;&#x438;&#x43e;&#x442;&#x435;&#x43a;&#x430; eTextLib. &#x421;&#x43a;&#x430;&#x447;&#x430;&#x442;&#x44c; &#x43a;&#x43d;&#x438;&#x433;&#x438; &#x432; &#x444;&#x43e;&#x440;&#x43c;&#x430;&#x442;&#x435; ePub &#x438; fb2 &#x431;&#x435;&#x441;&#x43f;&#x43b;&#x430;&#x442;&#x43d;&#x43e;.]error">core.SeleniumTest:44</div></td></tr>
<tr class="a">
<td><img src="images/icon_error_sml.gif" alt="" /></td>
<td><a name="core.SeleniumTest.test_Title_ValidationIteration__12_:_exp:__learn2test.net_act:_learn2test.net"></a>test_Title_Validation[Iteration # 12 : exp:  learn2test.net&quot;; act: learn2test.net]</td></tr>
<tr class="b">
<td></td>
<td>org.junit.ComparisonFailure: FAILED expected:&lt;[ learn2test.net&quot;]&gt; but was:&lt;[learn2test.net]&gt;</td></tr>
<tr class="a">
<td></td>
<td>
<div id="test_Title_Validation[Iteration # 12 : exp:  learn2test.net&quot;; act: learn2test.net]error">core.SeleniumTest:44</div></td></tr>
<tr class="b">
<td><img src="images/icon_error_sml.gif" alt="" /></td>
<td><a name="core.SeleniumTest.test_Title_ValidationIteration__13_:_exp:__www.alegro.com_act:_www.alegro.com"></a>test_Title_Validation[Iteration # 13 : exp:  www.alegro.com&quot;; act: www.alegro.com]</td></tr>
<tr class="a">
<td></td>
<td>org.junit.ComparisonFailure: FAILED expected:&lt;[ www.alegro.com&quot;]&gt; but was:&lt;[www.alegro.com]&gt;</td></tr>
<tr class="b">
<td></td>
<td>
<div id="test_Title_Validation[Iteration # 13 : exp:  www.alegro.com&quot;; act: www.alegro.com]error">core.SeleniumTest:44</div></td></tr>
<tr class="a">
<td><img src="images/icon_error_sml.gif" alt="" /></td>
<td><a name="core.SeleniumTest.test_Title_ValidationIteration__14_:_exp:_www.uscps.gov_act:_Homepage__USCIS"></a>test_Title_Validation[Iteration # 14 : exp: www.uscps.gov; act: Homepage | USCIS]</td></tr>
<tr class="b">
<td></td>
<td>org.junit.ComparisonFailure: FAILED expected:&lt;[www.uscps.gov]&gt; but was:&lt;[Homepage | USCIS]&gt;</td></tr>
<tr class="a">
<td></td>
<td>
<div id="test_Title_Validation[Iteration # 14 : exp: www.uscps.gov; act: Homepage | USCIS]error">core.SeleniumTest:44</div></td></tr>
<tr class="b">
<td><img src="images/icon_error_sml.gif" alt="" /></td>
<td><a name="core.SeleniumTest.test_Title_ValidationIteration__15_:_exp:_umich.gov_act:_University_of_Michigan"></a>test_Title_Validation[Iteration # 15 : exp: umich.gov; act: University of Michigan]</td></tr>
<tr class="a">
<td></td>
<td>org.junit.ComparisonFailure: FAILED expected:&lt;[umich.gov]&gt; but was:&lt;[University of Michigan]&gt;</td></tr>
<tr class="b">
<td></td>
<td>
<div id="test_Title_Validation[Iteration # 15 : exp: umich.gov; act: University of Michigan]error">core.SeleniumTest:44</div></td></tr>
<tr class="a">
<td><img src="images/icon_error_sml.gif" alt="" /></td>
<td><a name="core.SeleniumTest.test_Title_ValidationIteration__16_:_exp:_crossover.com_act:_Crossover_-_The_Worlds_Best_Talent_100_Remote"></a>test_Title_Validation[Iteration # 16 : exp: crossover.com; act: Crossover - The World's Best Talent 100% Remote]</td></tr>
<tr class="b">
<td></td>
<td>org.junit.ComparisonFailure: FAILED expected:&lt;[crossover.com]&gt; but was:&lt;[Crossover - The World's Best Talent 100% Remote]&gt;</td></tr>
<tr class="a">
<td></td>
<td>
<div id="test_Title_Validation[Iteration # 16 : exp: crossover.com; act: Crossover - The World's Best Talent 100% Remote]error">core.SeleniumTest:44</div></td></tr>
<tr class="b">
<td><img src="images/icon_error_sml.gif" alt="" /></td>
<td><a name="core.SeleniumTest.test_Title_ValidationIteration__17_:_exp:_codepen.net_act:_CodePen_-_Front_End_Developer_Playground__Code_Editor_in_the_Browser"></a>test_Title_Validation[Iteration # 17 : exp: codepen.net; act: CodePen - Front End Developer Playground &amp; Code Editor in the Browser]</td></tr>
<tr class="a">
<td></td>
<td>org.junit.ComparisonFailure: FAILED expected:&lt;[codepen.net]&gt; but was:&lt;[CodePen - Front End Developer Playground &amp; Code Editor in the Browser]&gt;</td></tr>
<tr class="b">
<td></td>
<td>
<div id="test_Title_Validation[Iteration # 17 : exp: codepen.net; act: CodePen - Front End Developer Playground &amp; Code Editor in the Browser]error">core.SeleniumTest:44</div></td></tr>
<tr class="a">
<td><img src="images/icon_error_sml.gif" alt="" /></td>
<td><a name="core.SeleniumTest.test_Title_ValidationIteration__18_:_exp:_www.visagourney.com_act:_VisaJourney_-_Your_US_Immigration_Community"></a>test_Title_Validation[Iteration # 18 : exp: www.visagourney.com; act: VisaJourney - Your US Immigration Community]</td></tr>
<tr class="b">
<td></td>
<td>org.junit.ComparisonFailure: FAILED expected:&lt;[www.visagourney.com]&gt; but was:&lt;[VisaJourney - Your US Immigration Community]&gt;</td></tr>
<tr class="a">
<td></td>
<td>
<div id="test_Title_Validation[Iteration # 18 : exp: www.visagourney.com; act: VisaJourney - Your US Immigration Community]error">core.SeleniumTest:44</div></td></tr>
<tr class="b">
<td><img src="images/icon_error_sml.gif" alt="" /></td>
<td><a name="core.SeleniumTest.test_Title_ValidationIteration__19_:_exp:_iimgur.com_act:_Imgur:_The_most_awesome_images_on_the_Internet"></a>test_Title_Validation[Iteration # 19 : exp: iimgur.com; act: Imgur: The most awesome images on the Internet]</td></tr>
<tr class="a">
<td></td>
<td>org.junit.ComparisonFailure: FAILED expected:&lt;[iimgur.com]&gt; but was:&lt;[Imgur: The most awesome images on the Internet]&gt;</td></tr>
<tr class="b">
<td></td>
<td>
<div id="test_Title_Validation[Iteration # 19 : exp: iimgur.com; act: Imgur: The most awesome images on the Internet]error">core.SeleniumTest:44</div></td></tr>
<tr class="a">
<td><img src="images/icon_error_sml.gif" alt="" /></td>
<td><a name="core.SeleniumTest.test_Title_ValidationIteration__20_:_exp:_youtube.com_act:_YouTube"></a>test_Title_Validation[Iteration # 20 : exp: youtube.com; act: YouTube]</td></tr>
<tr class="b">
<td></td>
<td>org.junit.ComparisonFailure: FAILED expected:&lt;[youtube.com]&gt; but was:&lt;[YouTube]&gt;</td></tr>
<tr class="a">
<td></td>
<td>
<div id="test_Title_Validation[Iteration # 20 : exp: youtube.com; act: YouTube]error">core.SeleniumTest:44</div></td></tr>
<tr class="b">
<td><img src="images/icon_error_sml.gif" alt="" /></td>
<td><a name="core.SeleniumTest.test_Title_ValidationIteration__21_:_exp:__www.alegro.com_act:_www.alegro.com"></a>test_Title_Validation[Iteration # 21 : exp:  www.alegro.com&quot;; act: www.alegro.com]</td></tr>
<tr class="a">
<td></td>
<td>org.junit.ComparisonFailure: FAILED expected:&lt;[ www.alegro.com&quot;]&gt; but was:&lt;[www.alegro.com]&gt;</td></tr>
<tr class="b">
<td></td>
<td>
<div id="test_Title_Validation[Iteration # 21 : exp:  www.alegro.com&quot;; act: www.alegro.com]error">core.SeleniumTest:44</div></td></tr>
<tr class="a">
<td><img src="images/icon_error_sml.gif" alt="" /></td>
<td><a name="core.SeleniumTest.test_Title_ValidationIteration__22_:_exp:__www.alegro.net_act:_Alegro.net"></a>test_Title_Validation[Iteration # 22 : exp:  www.alegro.net&quot;; act: Alegro.net]</td></tr>
<tr class="b">
<td></td>
<td>org.junit.ComparisonFailure: FAILED expected:&lt;[ www.alegro.net&quot;]&gt; but was:&lt;[Alegro.net]&gt;</td></tr>
<tr class="a">
<td></td>
<td>
<div id="test_Title_Validation[Iteration # 22 : exp:  www.alegro.net&quot;; act: Alegro.net]error">core.SeleniumTest:44</div></td></tr>
<tr class="b">
<td><img src="images/icon_error_sml.gif" alt="" /></td>
<td><a name="core.SeleniumTest.test_Title_ValidationIteration__23_:_exp:_www.github.com_act:_How_people_build_software__GitHub"></a>test_Title_Validation[Iteration # 23 : exp: www.github.com; act: How people build software &#xb7; GitHub]</td></tr>
<tr class="a">
<td></td>
<td>org.junit.ComparisonFailure: FAILED expected:&lt;[www.github.com]&gt; but was:&lt;[How people build software &#xb7; GitHub]&gt;</td></tr>
<tr class="b">
<td></td>
<td>
<div id="test_Title_Validation[Iteration # 23 : exp: www.github.com; act: How people build software &#xb7; GitHub]error">core.SeleniumTest:44</div></td></tr>
<tr class="a">
<td><img src="images/icon_error_sml.gif" alt="" /></td>
<td><a name="core.SeleniumTest.test_Title_ValidationIteration__24_:_exp:_www.snob.ru_act:_"></a>test_Title_Validation[Iteration # 24 : exp: www.snob.ru; act: &#x421;&#x43d;&#x43e;&#x431;]</td></tr>
<tr class="b">
<td></td>
<td>org.junit.ComparisonFailure: FAILED expected:&lt;[www.snob.ru]&gt; but was:&lt;[&#x421;&#x43d;&#x43e;&#x431;]&gt;</td></tr>
<tr class="a">
<td></td>
<td>
<div id="test_Title_Validation[Iteration # 24 : exp: www.snob.ru; act: &#x421;&#x43d;&#x43e;&#x431;]error">core.SeleniumTest:44</div></td></tr></table><br /></div>
      </div>
    </div>
    <div class="clear">
      <hr/>
    </div>
    <div id="footer">
      <div class="xright">
              Copyright &#169;                   2016.
          All Rights Reserved.      
                    
                  </div>
      <div class="clear">
        <hr/>
      </div>
    </div>
  </body>
</html>
